2020-03-11 00:56:24,876 ------------------------------------------------------------------------------------------
2020-03-11 00:56:24,876 
2020-03-11 00:56:24,876 
2020-03-11 00:56:24,876 Starting
2020-03-11 00:56:24,879 Anio: 2013
2020-03-11 00:56:24,879 Mes: Agosto
2020-03-11 00:56:24,879 Sesion: Sesión 215 del Pleno continuación (01-08-2013)
2020-03-11 00:56:24,879 Nombre: 1- Sesión 215 del Pleno Archivo de los Proyectos de Ley de Reforma a la Ley Orgánica del Servicio Público.pdf
2020-03-11 00:56:24,879 Pdf: pdfs/Año 2013\Agosto\Sesión 215 del Pleno continuación (01-08-2013)\1- Sesión 215 del Pleno Archivo de los Proyectos de Ley de Reforma a la Ley Orgánica del Servicio Público.pdf
2020-03-11 00:56:24,879 
2020-03-11 00:56:24,879 _______________
2020-03-11 00:56:24,879 
2020-03-11 00:56:26,546 Anio: 2013
2020-03-11 00:56:26,546 Mes: Agosto
2020-03-11 00:56:26,546 Sesion: Sesión 246 del Pleno (01-08-2013)
2020-03-11 00:56:26,546 Nombre: 1- Sesión 246 del Pleno Archivo de los Proyectos de Ley Reformatorias al Código del Trabajo.pdf
2020-03-11 00:56:26,546 Pdf: pdfs/Año 2013\Agosto\Sesión 246 del Pleno (01-08-2013)\1- Sesión 246 del Pleno Archivo de los Proyectos de Ley Reformatorias al Código del Trabajo.pdf
2020-03-11 00:56:26,546 
2020-03-11 00:56:26,546 _______________
2020-03-11 00:56:26,546 
2020-03-11 00:56:27,888 Anio: 2013
2020-03-11 00:56:27,888 Mes: Agosto
2020-03-11 00:56:27,888 Sesion: Sesión 246 del Pleno (01-08-2013)
2020-03-11 00:56:27,888 Nombre: 2- Sesión 246 del Pleno Allanarse a la objeción .pdf
2020-03-11 00:56:27,888 Pdf: pdfs/Año 2013\Agosto\Sesión 246 del Pleno (01-08-2013)\2- Sesión 246 del Pleno Allanarse a la objeción .pdf
2020-03-11 00:56:27,888 
2020-03-11 00:56:27,888 _______________
2020-03-11 00:56:27,888 
2020-03-11 00:56:29,221 Anio: 2013
2020-03-11 00:56:29,221 Mes: Agosto
2020-03-11 00:56:29,222 Sesion: Sesión 246 del Pleno (01-08-2013)
2020-03-11 00:56:29,222 Nombre: 2- Sesión 246 del Pleno Allanarse a la objeción parcial al Proyecto de Ley Orgánica de la Función de Transpare.pdf
2020-03-11 00:56:29,222 Pdf: pdfs/Año 2013\Agosto\Sesión 246 del Pleno (01-08-2013)\2- Sesión 246 del Pleno Allanarse a la objeción parcial al Proyecto de Ley Orgánica de la Función de Transpare.pdf
2020-03-11 00:56:29,222 
2020-03-11 00:56:29,222 _______________
2020-03-11 00:56:29,222 
2020-03-11 00:56:30,754 Anio: 2013
2020-03-11 00:56:30,754 Mes: Agosto
2020-03-11 00:56:30,754 Sesion: Sesión 246 del Pleno (01-08-2013)
2020-03-11 00:56:30,754 Nombre: 2- Sesión 246 del Pleno Allanarse a la objeción parcial al Proyecto de Ley Orgánica de la Función de.pdf
2020-03-11 00:56:30,754 Pdf: pdfs/Año 2013\Agosto\Sesión 246 del Pleno (01-08-2013)\2- Sesión 246 del Pleno Allanarse a la objeción parcial al Proyecto de Ley Orgánica de la Función de.pdf
2020-03-11 00:56:30,754 
2020-03-11 00:56:30,754 _______________
2020-03-11 00:56:30,754 
2020-03-11 00:56:32,203 Anio: 2013
2020-03-11 00:56:32,203 Mes: Agosto
2020-03-11 00:56:32,203 Sesion: Sesión 247 del Pleno (08-08-2013)
2020-03-11 00:56:32,203 Nombre: 1- Sesión 247 del Pleno Aprobación del Convenio .pdf
2020-03-11 00:56:32,204 Pdf: pdfs/Año 2013\Agosto\Sesión 247 del Pleno (08-08-2013)\1- Sesión 247 del Pleno Aprobación del Convenio .pdf
2020-03-11 00:56:32,204 
2020-03-11 00:56:32,204 _______________
2020-03-11 00:56:32,204 
2020-03-11 00:56:34,370 Anio: 2013
2020-03-11 00:56:34,370 Mes: Agosto
2020-03-11 00:56:34,371 Sesion: Sesión 247 del Pleno (08-08-2013)
2020-03-11 00:56:34,371 Nombre: 1- Sesión 247 del Pleno Aprobación del Convenio de Cooperación sobre Asistencia Jurídica Mutua en ma.pdf
2020-03-11 00:56:34,371 Pdf: pdfs/Año 2013\Agosto\Sesión 247 del Pleno (08-08-2013)\1- Sesión 247 del Pleno Aprobación del Convenio de Cooperación sobre Asistencia Jurídica Mutua en ma.pdf
2020-03-11 00:56:34,371 
2020-03-11 00:56:34,371 _______________
2020-03-11 00:56:34,371 
2020-03-11 00:56:36,521 Anio: 2013
2020-03-11 00:56:36,521 Mes: Agosto
2020-03-11 00:56:36,521 Sesion: Sesión 247 del Pleno (08-08-2013)
2020-03-11 00:56:36,521 Nombre: 1- Sesión 247 del Pleno Aprobación del Convenio de Cooperación sobre Asistencia Jurídica Mutua en materia Pena.pdf
2020-03-11 00:56:36,521 Pdf: pdfs/Año 2013\Agosto\Sesión 247 del Pleno (08-08-2013)\1- Sesión 247 del Pleno Aprobación del Convenio de Cooperación sobre Asistencia Jurídica Mutua en materia Pena.pdf
2020-03-11 00:56:36,521 
2020-03-11 00:56:36,521 _______________
2020-03-11 00:56:36,521 
2020-03-11 00:56:38,774 Anio: 2013
2020-03-11 00:56:38,774 Mes: Agosto
2020-03-11 00:56:38,774 Sesion: Sesión 248 del Pleno (13-08-2013)
2020-03-11 00:56:38,774 Nombre: 1- Sesión 248 del Pleno Archivo del Proyecto de Ley Reformatoria al Código de Policía Marítima.pdf
2020-03-11 00:56:38,774 Pdf: pdfs/Año 2013\Agosto\Sesión 248 del Pleno (13-08-2013)\1- Sesión 248 del Pleno Archivo del Proyecto de Ley Reformatoria al Código de Policía Marítima.pdf
2020-03-11 00:56:38,774 
2020-03-11 00:56:38,774 _______________
2020-03-11 00:56:38,774 
2020-03-11 00:56:39,823 Anio: 2013
2020-03-11 00:56:39,823 Mes: Agosto
2020-03-11 00:56:39,824 Sesion: Sesión 248 del Pleno (13-08-2013)
2020-03-11 00:56:39,824 Nombre: 2- Sesión 248 del Pleno Archivo del Proyecto de .pdf
2020-03-11 00:56:39,824 Pdf: pdfs/Año 2013\Agosto\Sesión 248 del Pleno (13-08-2013)\2- Sesión 248 del Pleno Archivo del Proyecto de .pdf
2020-03-11 00:56:39,824 
2020-03-11 00:56:39,824 _______________
2020-03-11 00:56:39,824 
2020-03-11 00:56:42,478 Anio: 2013
2020-03-11 00:56:42,478 Mes: Agosto
2020-03-11 00:56:42,478 Sesion: Sesión 248 del Pleno (13-08-2013)
2020-03-11 00:56:42,478 Nombre: 2- Sesión 248 del Pleno Archivo del Proyecto de Ley Reformatoria a la Ley Orgánica Electoral y de Or.pdf
2020-03-11 00:56:42,478 Pdf: pdfs/Año 2013\Agosto\Sesión 248 del Pleno (13-08-2013)\2- Sesión 248 del Pleno Archivo del Proyecto de Ley Reformatoria a la Ley Orgánica Electoral y de Or.pdf
2020-03-11 00:56:42,478 
2020-03-11 00:56:42,478 _______________
2020-03-11 00:56:42,478 
2020-03-11 00:56:45,280 Anio: 2013
2020-03-11 00:56:45,280 Mes: Agosto
2020-03-11 00:56:45,280 Sesion: Sesión 248 del Pleno (13-08-2013)
2020-03-11 00:56:45,280 Nombre: 2- Sesión 248 del Pleno Archivo del Proyecto de Ley Reformatoria a la Ley Orgánica Electoral y de Organizacion.pdf
2020-03-11 00:56:45,280 Pdf: pdfs/Año 2013\Agosto\Sesión 248 del Pleno (13-08-2013)\2- Sesión 248 del Pleno Archivo del Proyecto de Ley Reformatoria a la Ley Orgánica Electoral y de Organizacion.pdf
2020-03-11 00:56:45,280 
2020-03-11 00:56:45,280 _______________
2020-03-11 00:56:45,280 
2020-03-11 00:56:48,046 Anio: 2013
2020-03-11 00:56:48,046 Mes: Agosto
2020-03-11 00:56:48,046 Sesion: Sesión 249 del Pleno (20-08-2013)
2020-03-11 00:56:48,046 Nombre: 1- Sesión 249 del Pleno Archivo del Proyecto de Ley Reformatoria a la Ley de Hidrocarburos.pdf
2020-03-11 00:56:48,046 Pdf: pdfs/Año 2013\Agosto\Sesión 249 del Pleno (20-08-2013)\1- Sesión 249 del Pleno Archivo del Proyecto de Ley Reformatoria a la Ley de Hidrocarburos.pdf
2020-03-11 00:56:48,046 
2020-03-11 00:56:48,046 _______________
2020-03-11 00:56:48,046 
2020-03-11 00:56:49,053 Anio: 2013
2020-03-11 00:56:49,053 Mes: Agosto
2020-03-11 00:56:49,053 Sesion: Sesión 249 del Pleno (20-08-2013)
2020-03-11 00:56:49,053 Nombre: 2- Sesión 249 del Pleno Archivo del Proyecto de Ley Reformatoria al Código de Comercio.pdf
2020-03-11 00:56:49,053 Pdf: pdfs/Año 2013\Agosto\Sesión 249 del Pleno (20-08-2013)\2- Sesión 249 del Pleno Archivo del Proyecto de Ley Reformatoria al Código de Comercio.pdf
2020-03-11 00:56:49,054 
2020-03-11 00:56:49,054 _______________
2020-03-11 00:56:49,054 
2020-03-11 00:56:50,085 Anio: 2013
2020-03-11 00:56:50,085 Mes: Agosto
2020-03-11 00:56:50,085 Sesion: Sesión 249 del Pleno (20-08-2013)
2020-03-11 00:56:50,085 Nombre: 3- Sesión 249 del Pleno Archivo del Proyecto de .pdf
2020-03-11 00:56:50,085 Pdf: pdfs/Año 2013\Agosto\Sesión 249 del Pleno (20-08-2013)\3- Sesión 249 del Pleno Archivo del Proyecto de .pdf
2020-03-11 00:56:50,085 
2020-03-11 00:56:50,085 _______________
2020-03-11 00:56:50,085 
2020-03-11 00:56:51,885 Anio: 2013
2020-03-11 00:56:51,885 Mes: Agosto
2020-03-11 00:56:51,885 Sesion: Sesión 249 del Pleno (20-08-2013)
2020-03-11 00:56:51,885 Nombre: 3- Sesión 249 del Pleno Archivo del Proyecto de Ley de Servicio Cívico Militar y de las Reservas de .pdf
2020-03-11 00:56:51,885 Pdf: pdfs/Año 2013\Agosto\Sesión 249 del Pleno (20-08-2013)\3- Sesión 249 del Pleno Archivo del Proyecto de Ley de Servicio Cívico Militar y de las Reservas de .pdf
2020-03-11 00:56:51,885 
2020-03-11 00:56:51,885 _______________
2020-03-11 00:56:51,885 
2020-03-11 00:56:53,728 Anio: 2013
2020-03-11 00:56:53,728 Mes: Agosto
2020-03-11 00:56:53,728 Sesion: Sesión 249 del Pleno (20-08-2013)
2020-03-11 00:56:53,728 Nombre: 3- Sesión 249 del Pleno Archivo del Proyecto de Ley de Servicio Cívico Militar y de las Reservas de las Fuerza.pdf
2020-03-11 00:56:53,728 Pdf: pdfs/Año 2013\Agosto\Sesión 249 del Pleno (20-08-2013)\3- Sesión 249 del Pleno Archivo del Proyecto de Ley de Servicio Cívico Militar y de las Reservas de las Fuerza.pdf
2020-03-11 00:56:53,728 
2020-03-11 00:56:53,728 _______________
2020-03-11 00:56:53,728 
2020-03-11 00:56:55,484 Anio: 2013
2020-03-11 00:56:55,484 Mes: Agosto
2020-03-11 00:56:55,484 Sesion: Sesión 250 del Pleno (29-08-2013)
2020-03-11 00:56:55,484 Nombre: 1- Sesión 250 del Pleno Archivo del Proyecto de Código Orgánico de Soberanía Alimentaria.pdf
2020-03-11 00:56:55,484 Pdf: pdfs/Año 2013\Agosto\Sesión 250 del Pleno (29-08-2013)\1- Sesión 250 del Pleno Archivo del Proyecto de Código Orgánico de Soberanía Alimentaria.pdf
2020-03-11 00:56:55,484 
2020-03-11 00:56:55,484 _______________
2020-03-11 00:56:55,484 
2020-03-11 00:56:56,426 Anio: 2013
2020-03-11 00:56:56,426 Mes: Agosto
2020-03-11 00:56:56,426 Sesion: Sesión 250 del Pleno (29-08-2013)
2020-03-11 00:56:56,426 Nombre: 2- Sesión 250 del Pleno Archivo de los Proyectos de Ley Reformatorios a los artículos 10 y 117 de la Ley Orgán.pdf
2020-03-11 00:56:56,426 Pdf: pdfs/Año 2013\Agosto\Sesión 250 del Pleno (29-08-2013)\2- Sesión 250 del Pleno Archivo de los Proyectos de Ley Reformatorios a los artículos 10 y 117 de la Ley Orgán.pdf
2020-03-11 00:56:56,426 
2020-03-11 00:56:56,426 _______________
2020-03-11 00:56:56,426 
2020-03-11 00:56:57,769 Anio: 2013
2020-03-11 00:56:57,769 Mes: Agosto
2020-03-11 00:56:57,769 Sesion: Sesión 250 del Pleno (29-08-2013)
2020-03-11 00:56:57,769 Nombre: 2- Sesión 250 del Pleno Archivo de los Proyectos de Ley Reformatorios a los artículos 10 y 117 de la.pdf
2020-03-11 00:56:57,769 Pdf: pdfs/Año 2013\Agosto\Sesión 250 del Pleno (29-08-2013)\2- Sesión 250 del Pleno Archivo de los Proyectos de Ley Reformatorios a los artículos 10 y 117 de la.pdf
2020-03-11 00:56:57,769 
2020-03-11 00:56:57,769 _______________
2020-03-11 00:56:57,769 
2020-03-11 00:56:59,007 Anio: 2013
2020-03-11 00:56:59,007 Mes: Agosto
2020-03-11 00:56:59,008 Sesion: Sesión 250 del Pleno (29-08-2013)
2020-03-11 00:56:59,008 Nombre: 2- Sesión 250 del Pleno Archivo de los Proyectos.pdf
2020-03-11 00:56:59,008 Pdf: pdfs/Año 2013\Agosto\Sesión 250 del Pleno (29-08-2013)\2- Sesión 250 del Pleno Archivo de los Proyectos.pdf
2020-03-11 00:56:59,008 
2020-03-11 00:56:59,008 _______________
2020-03-11 00:56:59,008 
2020-03-11 00:57:00,336 Anio: 2013
2020-03-11 00:57:00,336 Mes: Diciembre
2020-03-11 00:57:00,336 Sesion: Sesión 257 del Pleno continuación (11-12-2013)
2020-03-11 00:57:00,336 Nombre: 1- Sesión 257 continuación del Pleno Reconsidera.pdf
2020-03-11 00:57:00,336 Pdf: pdfs/Año 2013\Diciembre\Sesión 257 del Pleno continuación (11-12-2013)\1- Sesión 257 continuación del Pleno Reconsidera.pdf
2020-03-11 00:57:00,336 
2020-03-11 00:57:00,336 _______________
2020-03-11 00:57:00,336 
2020-03-11 00:57:03,163 Anio: 2013
2020-03-11 00:57:03,163 Mes: Diciembre
2020-03-11 00:57:03,163 Sesion: Sesión 257 del Pleno continuación (11-12-2013)
2020-03-11 00:57:03,163 Nombre: 1- Sesión 257 continuación del Pleno Reconsideración de Exposición de motivos, Considerandos, Libro .pdf
2020-03-11 00:57:03,163 Pdf: pdfs/Año 2013\Diciembre\Sesión 257 del Pleno continuación (11-12-2013)\1- Sesión 257 continuación del Pleno Reconsideración de Exposición de motivos, Considerandos, Libro .pdf
2020-03-11 00:57:03,163 
2020-03-11 00:57:03,163 _______________
2020-03-11 00:57:03,164 
2020-03-11 00:57:05,836 Anio: 2013
2020-03-11 00:57:05,836 Mes: Diciembre
2020-03-11 00:57:05,836 Sesion: Sesión 257 del Pleno continuación (11-12-2013)
2020-03-11 00:57:05,836 Nombre: 1- Sesión 257 continuación del Pleno Reconsideración de Exposición de motivos, Considerandos, Libro Preliminar.pdf
2020-03-11 00:57:05,836 Pdf: pdfs/Año 2013\Diciembre\Sesión 257 del Pleno continuación (11-12-2013)\1- Sesión 257 continuación del Pleno Reconsideración de Exposición de motivos, Considerandos, Libro Preliminar.pdf
2020-03-11 00:57:05,836 
2020-03-11 00:57:05,836 _______________
2020-03-11 00:57:05,836 
2020-03-11 00:57:08,444 Anio: 2013
2020-03-11 00:57:08,444 Mes: Diciembre
2020-03-11 00:57:08,444 Sesion: Sesión 257 del Pleno continuación (17-12-2013)
2020-03-11 00:57:08,444 Nombre: 1- Sesión 257 continuación del Pleno Exposición .pdf
2020-03-11 00:57:08,444 Pdf: pdfs/Año 2013\Diciembre\Sesión 257 del Pleno continuación (17-12-2013)\1- Sesión 257 continuación del Pleno Exposición .pdf
2020-03-11 00:57:08,444 
2020-03-11 00:57:08,444 _______________
2020-03-11 00:57:08,444 
2020-03-11 00:57:11,227 Anio: 2013
2020-03-11 00:57:11,227 Mes: Diciembre
2020-03-11 00:57:11,227 Sesion: Sesión 257 del Pleno continuación (17-12-2013)
2020-03-11 00:57:11,227 Nombre: 1- Sesión 257 continuación del Pleno Exposición de motivos, Considerandos, Libro Preliminar que cont.pdf
2020-03-11 00:57:11,228 Pdf: pdfs/Año 2013\Diciembre\Sesión 257 del Pleno continuación (17-12-2013)\1- Sesión 257 continuación del Pleno Exposición de motivos, Considerandos, Libro Preliminar que cont.pdf
2020-03-11 00:57:11,228 
2020-03-11 00:57:11,228 _______________
2020-03-11 00:57:11,228 
2020-03-11 00:57:14,029 Anio: 2013
2020-03-11 00:57:14,029 Mes: Diciembre
2020-03-11 00:57:14,029 Sesion: Sesión 257 del Pleno continuación (17-12-2013)
2020-03-11 00:57:14,029 Nombre: 1- Sesión 257 continuación del Pleno Exposición de motivos, Considerandos, Libro Preliminar que contiene cinco.pdf
2020-03-11 00:57:14,029 Pdf: pdfs/Año 2013\Diciembre\Sesión 257 del Pleno continuación (17-12-2013)\1- Sesión 257 continuación del Pleno Exposición de motivos, Considerandos, Libro Preliminar que contiene cinco.pdf
2020-03-11 00:57:14,029 
2020-03-11 00:57:14,029 _______________
2020-03-11 00:57:14,029 
2020-03-11 00:57:16,797 Anio: 2013
2020-03-11 00:57:16,797 Mes: Diciembre
2020-03-11 00:57:16,797 Sesion: Sesión 257 del Pleno continuación (17-12-2013)
2020-03-11 00:57:16,797 Nombre: 2- Sesión 257 continuación del Pleno Libro II, Procedimiento, que contiene diez títulos (definitivo).pdf
2020-03-11 00:57:16,797 Pdf: pdfs/Año 2013\Diciembre\Sesión 257 del Pleno continuación (17-12-2013)\2- Sesión 257 continuación del Pleno Libro II, Procedimiento, que contiene diez títulos (definitivo).pdf
2020-03-11 00:57:16,797 
2020-03-11 00:57:16,797 _______________
2020-03-11 00:57:16,797 
2020-03-11 00:57:17,850 Anio: 2013
2020-03-11 00:57:17,851 Mes: Diciembre
2020-03-11 00:57:17,851 Sesion: Sesión 257 del Pleno continuación (17-12-2013)
2020-03-11 00:57:17,851 Nombre: 3- Sesión 257 continuación del Pleno Libro III, Ejecución, que contiene cinco títulos.pdf
2020-03-11 00:57:17,851 Pdf: pdfs/Año 2013\Diciembre\Sesión 257 del Pleno continuación (17-12-2013)\3- Sesión 257 continuación del Pleno Libro III, Ejecución, que contiene cinco títulos.pdf
2020-03-11 00:57:17,851 
2020-03-11 00:57:17,851 _______________
2020-03-11 00:57:17,851 
2020-03-11 00:57:18,947 Anio: 2013
2020-03-11 00:57:18,947 Mes: Diciembre
2020-03-11 00:57:18,947 Sesion: Sesión 257 del Pleno continuación (17-12-2013)
2020-03-11 00:57:18,948 Nombre: 4- Sesión 257 continuació del Pleno Reformas al .pdf
2020-03-11 00:57:18,948 Pdf: pdfs/Año 2013\Diciembre\Sesión 257 del Pleno continuación (17-12-2013)\4- Sesión 257 continuació del Pleno Reformas al .pdf
2020-03-11 00:57:18,948 
2020-03-11 00:57:18,948 _______________
2020-03-11 00:57:18,948 
2020-03-11 00:57:21,447 Anio: 2013
2020-03-11 00:57:21,447 Mes: Diciembre
2020-03-11 00:57:21,447 Sesion: Sesión 257 del Pleno continuación (17-12-2013)
2020-03-11 00:57:21,447 Nombre: 4- Sesión 257 continuació del Pleno Reformas al Código Orgánico de la Niñez y Adolescencia, Código O.pdf
2020-03-11 00:57:21,447 Pdf: pdfs/Año 2013\Diciembre\Sesión 257 del Pleno continuación (17-12-2013)\4- Sesión 257 continuació del Pleno Reformas al Código Orgánico de la Niñez y Adolescencia, Código O.pdf
2020-03-11 00:57:21,447 
2020-03-11 00:57:21,447 _______________
2020-03-11 00:57:21,447 
2020-03-11 00:57:24,008 Anio: 2013
2020-03-11 00:57:24,008 Mes: Diciembre
2020-03-11 00:57:24,008 Sesion: Sesión 257 del Pleno continuación (17-12-2013)
2020-03-11 00:57:24,008 Nombre: 4- Sesión 257 continuació del Pleno Reformas al Código Orgánico de la Niñez y Adolescencia, Código Orgánico de.pdf
2020-03-11 00:57:24,009 Pdf: pdfs/Año 2013\Diciembre\Sesión 257 del Pleno continuación (17-12-2013)\4- Sesión 257 continuació del Pleno Reformas al Código Orgánico de la Niñez y Adolescencia, Código Orgánico de.pdf
2020-03-11 00:57:24,009 
2020-03-11 00:57:24,009 _______________
2020-03-11 00:57:24,009 
2020-03-11 00:57:26,562 Anio: 2013
2020-03-11 00:57:26,562 Mes: Diciembre
2020-03-11 00:57:26,562 Sesion: Sesión 257 del Pleno continuación (17-12-2013)
2020-03-11 00:57:26,562 Nombre: 5- Sesión 257 continuación del Pleno Reconsidera.pdf
2020-03-11 00:57:26,562 Pdf: pdfs/Año 2013\Diciembre\Sesión 257 del Pleno continuación (17-12-2013)\5- Sesión 257 continuación del Pleno Reconsidera.pdf
2020-03-11 00:57:26,562 
2020-03-11 00:57:26,562 _______________
2020-03-11 00:57:26,562 
2020-03-11 00:57:29,165 Anio: 2013
2020-03-11 00:57:29,165 Mes: Diciembre
2020-03-11 00:57:29,165 Sesion: Sesión 257 del Pleno continuación (17-12-2013)
2020-03-11 00:57:29,165 Nombre: 5- Sesión 257 continuación del Pleno Reconsideración del Libro III y Reformas al Código Orgánico de .pdf
2020-03-11 00:57:29,165 Pdf: pdfs/Año 2013\Diciembre\Sesión 257 del Pleno continuación (17-12-2013)\5- Sesión 257 continuación del Pleno Reconsideración del Libro III y Reformas al Código Orgánico de .pdf
2020-03-11 00:57:29,165 
2020-03-11 00:57:29,165 _______________
2020-03-11 00:57:29,165 
2020-03-11 00:57:31,887 Anio: 2013
2020-03-11 00:57:31,887 Mes: Diciembre
2020-03-11 00:57:31,887 Sesion: Sesión 257 del Pleno continuación (17-12-2013)
2020-03-11 00:57:31,887 Nombre: 5- Sesión 257 continuación del Pleno Reconsideración del Libro III y Reformas al Código Orgánico de la Niñez y.pdf
2020-03-11 00:57:31,887 Pdf: pdfs/Año 2013\Diciembre\Sesión 257 del Pleno continuación (17-12-2013)\5- Sesión 257 continuación del Pleno Reconsideración del Libro III y Reformas al Código Orgánico de la Niñez y.pdf
2020-03-11 00:57:31,887 
2020-03-11 00:57:31,887 _______________
2020-03-11 00:57:31,887 
2020-03-11 00:57:34,770 Anio: 2013
2020-03-11 00:57:34,770 Mes: Diciembre
2020-03-11 00:57:34,770 Sesion: Sesión 263 del Pleno (03-12-2013)
2020-03-11 00:57:34,770 Nombre: 1- Sesión 263 del Pleno Aprobación del “Acuerdo .pdf
2020-03-11 00:57:34,770 Pdf: pdfs/Año 2013\Diciembre\Sesión 263 del Pleno (03-12-2013)\1- Sesión 263 del Pleno Aprobación del “Acuerdo .pdf
2020-03-11 00:57:34,770 
2020-03-11 00:57:34,770 _______________
2020-03-11 00:57:34,770 
2020-03-11 00:57:36,202 Anio: 2013
2020-03-11 00:57:36,203 Mes: Diciembre
2020-03-11 00:57:36,203 Sesion: Sesión 263 del Pleno (03-12-2013)
2020-03-11 00:57:36,203 Nombre: 1- Sesión 263 del Pleno Aprobación del “Acuerdo sobre residencia para nacionales de los Estados Part.pdf
2020-03-11 00:57:36,203 Pdf: pdfs/Año 2013\Diciembre\Sesión 263 del Pleno (03-12-2013)\1- Sesión 263 del Pleno Aprobación del “Acuerdo sobre residencia para nacionales de los Estados Part.pdf
2020-03-11 00:57:36,203 
2020-03-11 00:57:36,203 _______________
2020-03-11 00:57:36,203 
2020-03-11 00:57:37,604 Anio: 2013
2020-03-11 00:57:37,604 Mes: Diciembre
2020-03-11 00:57:37,604 Sesion: Sesión 263 del Pleno (03-12-2013)
2020-03-11 00:57:37,604 Nombre: 1- Sesión 263 del Pleno Aprobación del “Acuerdo sobre residencia para nacionales de los Estados Partes del MER.pdf
2020-03-11 00:57:37,604 Pdf: pdfs/Año 2013\Diciembre\Sesión 263 del Pleno (03-12-2013)\1- Sesión 263 del Pleno Aprobación del “Acuerdo sobre residencia para nacionales de los Estados Partes del MER.pdf
2020-03-11 00:57:37,604 
2020-03-11 00:57:37,604 _______________
2020-03-11 00:57:37,604 
2020-03-11 00:57:39,015 Anio: 2013
2020-03-11 00:57:39,016 Mes: Diciembre
2020-03-11 00:57:39,016 Sesion: Sesión 263 del Pleno (03-12-2013)
2020-03-11 00:57:39,016 Nombre: 2- Sesión 263 del Pleno Aprobación del  “Conveni.pdf
2020-03-11 00:57:39,016 Pdf: pdfs/Año 2013\Diciembre\Sesión 263 del Pleno (03-12-2013)\2- Sesión 263 del Pleno Aprobación del  “Conveni.pdf
2020-03-11 00:57:39,016 
2020-03-11 00:57:39,016 _______________
2020-03-11 00:57:39,016 
2020-03-11 00:57:41,890 Anio: 2013
2020-03-11 00:57:41,890 Mes: Diciembre
2020-03-11 00:57:41,890 Sesion: Sesión 263 del Pleno (03-12-2013)
2020-03-11 00:57:41,890 Nombre: 2- Sesión 263 del Pleno Aprobación del  “Convenio de Cooperación Económica y Técnica entre el Gobier.pdf
2020-03-11 00:57:41,890 Pdf: pdfs/Año 2013\Diciembre\Sesión 263 del Pleno (03-12-2013)\2- Sesión 263 del Pleno Aprobación del  “Convenio de Cooperación Económica y Técnica entre el Gobier.pdf
2020-03-11 00:57:41,890 
2020-03-11 00:57:41,890 _______________
2020-03-11 00:57:41,890 
2020-03-11 00:57:44,825 Anio: 2013
2020-03-11 00:57:44,825 Mes: Diciembre
2020-03-11 00:57:44,825 Sesion: Sesión 263 del Pleno (03-12-2013)
2020-03-11 00:57:44,825 Nombre: 2- Sesión 263 del Pleno Aprobación del  “Convenio de Cooperación Económica y Técnica entre el Gobierno de la R.pdf
2020-03-11 00:57:44,825 Pdf: pdfs/Año 2013\Diciembre\Sesión 263 del Pleno (03-12-2013)\2- Sesión 263 del Pleno Aprobación del  “Convenio de Cooperación Económica y Técnica entre el Gobierno de la R.pdf
2020-03-11 00:57:44,825 
2020-03-11 00:57:44,826 _______________
2020-03-11 00:57:44,826 
2020-03-11 00:57:47,694 Anio: 2013
2020-03-11 00:57:47,695 Mes: Diciembre
2020-03-11 00:57:47,695 Sesion: Sesión 263 del Pleno (03-12-2013)
2020-03-11 00:57:47,695 Nombre: 3- Sesión 263 del Pleno Aprobación del “Acuerdo .pdf
2020-03-11 00:57:47,695 Pdf: pdfs/Año 2013\Diciembre\Sesión 263 del Pleno (03-12-2013)\3- Sesión 263 del Pleno Aprobación del “Acuerdo .pdf
2020-03-11 00:57:47,695 
2020-03-11 00:57:47,695 _______________
2020-03-11 00:57:47,695 
2020-03-11 00:57:50,711 Anio: 2013
2020-03-11 00:57:50,712 Mes: Diciembre
2020-03-11 00:57:50,712 Sesion: Sesión 263 del Pleno (03-12-2013)
2020-03-11 00:57:50,712 Nombre: 3- Sesión 263 del Pleno Aprobación del “Acuerdo entre el Gobierno de la República del Ecuador y el G.pdf
2020-03-11 00:57:50,712 Pdf: pdfs/Año 2013\Diciembre\Sesión 263 del Pleno (03-12-2013)\3- Sesión 263 del Pleno Aprobación del “Acuerdo entre el Gobierno de la República del Ecuador y el G.pdf
2020-03-11 00:57:50,712 
2020-03-11 00:57:50,712 _______________
2020-03-11 00:57:50,712 
2020-03-11 00:57:53,648 Anio: 2013
2020-03-11 00:57:53,648 Mes: Diciembre
2020-03-11 00:57:53,648 Sesion: Sesión 263 del Pleno (03-12-2013)
2020-03-11 00:57:53,648 Nombre: 3- Sesión 263 del Pleno Aprobación del “Acuerdo entre el Gobierno de la República del Ecuador y el Gobierno de.pdf
2020-03-11 00:57:53,648 Pdf: pdfs/Año 2013\Diciembre\Sesión 263 del Pleno (03-12-2013)\3- Sesión 263 del Pleno Aprobación del “Acuerdo entre el Gobierno de la República del Ecuador y el Gobierno de.pdf
2020-03-11 00:57:53,648 
2020-03-11 00:57:53,648 _______________
2020-03-11 00:57:53,648 
2020-03-11 00:57:56,534 Anio: 2013
2020-03-11 00:57:56,534 Mes: Julio
2020-03-11 00:57:56,534 Sesion: Sesión 146 del Pleno continuación (30-07-2013)
2020-03-11 00:57:56,535 Nombre: 1- Sesión 146 continuaciónVotación - Segundo Deb.pdf
2020-03-11 00:57:56,535 Pdf: pdfs/Año 2013\Julio\Sesión 146 del Pleno continuación (30-07-2013)\1- Sesión 146 continuaciónVotación - Segundo Deb.pdf
2020-03-11 00:57:56,535 
2020-03-11 00:57:56,535 _______________
2020-03-11 00:57:56,535 
2020-03-11 00:57:59,447 Anio: 2013
2020-03-11 00:57:59,447 Mes: Julio
2020-03-11 00:57:59,447 Sesion: Sesión 146 del Pleno continuación (30-07-2013)
2020-03-11 00:57:59,447 Nombre: 1- Sesión 146 continuaciónVotación - Segundo Debate del Proyecto de Ley Orgánica Reformatoria a la L.pdf
2020-03-11 00:57:59,447 Pdf: pdfs/Año 2013\Julio\Sesión 146 del Pleno continuación (30-07-2013)\1- Sesión 146 continuaciónVotación - Segundo Debate del Proyecto de Ley Orgánica Reformatoria a la L.pdf
2020-03-11 00:57:59,447 
2020-03-11 00:57:59,447 _______________
2020-03-11 00:57:59,447 
2020-03-11 00:58:02,235 Anio: 2013
2020-03-11 00:58:02,235 Mes: Julio
2020-03-11 00:58:02,235 Sesion: Sesión 146 del Pleno continuación (30-07-2013)
2020-03-11 00:58:02,235 Nombre: 1- Sesión 146 continuaciónVotación - Segundo Debate del Proyecto de Ley Orgánica Reformatoria a la Ley Orgánic.pdf
2020-03-11 00:58:02,235 Pdf: pdfs/Año 2013\Julio\Sesión 146 del Pleno continuación (30-07-2013)\1- Sesión 146 continuaciónVotación - Segundo Debate del Proyecto de Ley Orgánica Reformatoria a la Ley Orgánic.pdf
2020-03-11 00:58:02,235 
2020-03-11 00:58:02,235 _______________
2020-03-11 00:58:02,235 
2020-03-11 00:58:04,950 Anio: 2013
2020-03-11 00:58:04,950 Mes: Julio
2020-03-11 00:58:04,950 Sesion: Sesión 197 del Pleno continuación (23-07-2013)
2020-03-11 00:58:04,950 Nombre: 1- Sesión 197 continuación Archivo de los Proyec.pdf
2020-03-11 00:58:04,950 Pdf: pdfs/Año 2013\Julio\Sesión 197 del Pleno continuación (23-07-2013)\1- Sesión 197 continuación Archivo de los Proyec.pdf
2020-03-11 00:58:04,950 
2020-03-11 00:58:04,950 _______________
2020-03-11 00:58:04,950 
2020-03-11 00:58:07,493 Anio: 2013
2020-03-11 00:58:07,493 Mes: Julio
2020-03-11 00:58:07,493 Sesion: Sesión 197 del Pleno continuación (23-07-2013)
2020-03-11 00:58:07,493 Nombre: 1- Sesión 197 continuación Archivo de los Proyectos de Ley Interpretativa del penúltimo inciso del a.pdf
2020-03-11 00:58:07,493 Pdf: pdfs/Año 2013\Julio\Sesión 197 del Pleno continuación (23-07-2013)\1- Sesión 197 continuación Archivo de los Proyectos de Ley Interpretativa del penúltimo inciso del a.pdf
2020-03-11 00:58:07,493 
2020-03-11 00:58:07,493 _______________
2020-03-11 00:58:07,493 
2020-03-11 00:58:09,938 Anio: 2013
2020-03-11 00:58:09,938 Mes: Julio
2020-03-11 00:58:09,938 Sesion: Sesión 197 del Pleno continuación (23-07-2013)
2020-03-11 00:58:09,938 Nombre: 1- Sesión 197 continuación Archivo de los Proyectos de Ley Interpretativa del penúltimo inciso del artículo 20.pdf
2020-03-11 00:58:09,938 Pdf: pdfs/Año 2013\Julio\Sesión 197 del Pleno continuación (23-07-2013)\1- Sesión 197 continuación Archivo de los Proyectos de Ley Interpretativa del penúltimo inciso del artículo 20.pdf
2020-03-11 00:58:09,938 
2020-03-11 00:58:09,939 _______________
2020-03-11 00:58:09,939 
2020-03-11 00:58:12,372 Anio: 2013
2020-03-11 00:58:12,372 Mes: Julio
2020-03-11 00:58:12,372 Sesion: Sesión 197 del Pleno continuación (23-07-2013)
2020-03-11 00:58:12,372 Nombre: 2- Sesión 197 continuación Legalización de Terre.pdf
2020-03-11 00:58:12,372 Pdf: pdfs/Año 2013\Julio\Sesión 197 del Pleno continuación (23-07-2013)\2- Sesión 197 continuación Legalización de Terre.pdf
2020-03-11 00:58:12,372 
2020-03-11 00:58:12,372 _______________
2020-03-11 00:58:12,372 
2020-03-11 00:58:15,189 Anio: 2013
2020-03-11 00:58:15,190 Mes: Julio
2020-03-11 00:58:15,190 Sesion: Sesión 197 del Pleno continuación (23-07-2013)
2020-03-11 00:58:15,190 Nombre: 2- Sesión 197 continuación Legalización de Terrenos Buena Fe;Expropiación de Tierras de La Troncal;L.pdf
2020-03-11 00:58:15,190 Pdf: pdfs/Año 2013\Julio\Sesión 197 del Pleno continuación (23-07-2013)\2- Sesión 197 continuación Legalización de Terrenos Buena Fe;Expropiación de Tierras de La Troncal;L.pdf
2020-03-11 00:58:15,190 
2020-03-11 00:58:15,190 _______________
2020-03-11 00:58:15,190 
2020-03-11 00:58:17,995 Anio: 2013
2020-03-11 00:58:17,995 Mes: Julio
2020-03-11 00:58:17,995 Sesion: Sesión 197 del Pleno continuación (23-07-2013)
2020-03-11 00:58:17,995 Nombre: 2- Sesión 197 continuación Legalización de Terrenos Buena Fe;Expropiación de Tierras de La Troncal;Legalizació.pdf
2020-03-11 00:58:17,995 Pdf: pdfs/Año 2013\Julio\Sesión 197 del Pleno continuación (23-07-2013)\2- Sesión 197 continuación Legalización de Terrenos Buena Fe;Expropiación de Tierras de La Troncal;Legalizació.pdf
2020-03-11 00:58:17,995 
2020-03-11 00:58:17,995 _______________
2020-03-11 00:58:17,995 
2020-03-11 00:58:20,661 Anio: 2013
2020-03-11 00:58:20,661 Mes: Julio
2020-03-11 00:58:20,661 Sesion: Sesión 218 del Pleno (04-07-2013)
2020-03-11 00:58:20,661 Nombre: 1- Sesión 218 del Pleno votación definitiva Proyecto de Ley Orgánica de la Función de Transparencia y Control Social.pdf
2020-03-11 00:58:20,661 Pdf: pdfs/Año 2013\Julio\Sesión 218 del Pleno (04-07-2013)\1- Sesión 218 del Pleno votación definitiva Proyecto de Ley Orgánica de la Función de Transparencia y Control Social.pdf
2020-03-11 00:58:20,661 
2020-03-11 00:58:20,661 _______________
2020-03-11 00:58:20,661 
2020-03-11 00:58:21,624 Anio: 2013
2020-03-11 00:58:21,624 Mes: Julio
2020-03-11 00:58:21,624 Sesion: Sesión 218 del Pleno (04-07-2013)
2020-03-11 00:58:21,624 Nombre: 2- Sesión 218 del Pleno votación definitiva Reco.pdf
2020-03-11 00:58:21,624 Pdf: pdfs/Año 2013\Julio\Sesión 218 del Pleno (04-07-2013)\2- Sesión 218 del Pleno votación definitiva Reco.pdf
2020-03-11 00:58:21,624 
2020-03-11 00:58:21,624 _______________
2020-03-11 00:58:21,624 
2020-03-11 00:58:23,038 Anio: 2013
2020-03-11 00:58:23,038 Mes: Julio
2020-03-11 00:58:23,038 Sesion: Sesión 218 del Pleno (04-07-2013)
2020-03-11 00:58:23,038 Nombre: 2- Sesión 218 del Pleno votación definitiva Reconsideración Proyecto de Ley Orgánica de la Función d.pdf
2020-03-11 00:58:23,038 Pdf: pdfs/Año 2013\Julio\Sesión 218 del Pleno (04-07-2013)\2- Sesión 218 del Pleno votación definitiva Reconsideración Proyecto de Ley Orgánica de la Función d.pdf
2020-03-11 00:58:23,038 
2020-03-11 00:58:23,038 _______________
2020-03-11 00:58:23,038 
2020-03-11 00:58:24,436 Anio: 2013
2020-03-11 00:58:24,436 Mes: Julio
2020-03-11 00:58:24,436 Sesion: Sesión 218 del Pleno (04-07-2013)
2020-03-11 00:58:24,436 Nombre: 2- Sesión 218 del Pleno votación definitiva Reconsideración Proyecto de Ley Orgánica de la Función de Transpar.pdf
2020-03-11 00:58:24,436 Pdf: pdfs/Año 2013\Julio\Sesión 218 del Pleno (04-07-2013)\2- Sesión 218 del Pleno votación definitiva Reconsideración Proyecto de Ley Orgánica de la Función de Transpar.pdf
2020-03-11 00:58:24,436 
2020-03-11 00:58:24,436 _______________
2020-03-11 00:58:24,436 
2020-03-11 00:58:25,888 Anio: 2013
2020-03-11 00:58:25,888 Mes: Julio
2020-03-11 00:58:25,888 Sesion: Sesión 239 del Pleno (04-07-2013)
2020-03-11 00:58:25,888 Nombre: 1- Sesión 239 del Pleno Solicitud de cambio del orden del día - Asambleísta Virgilio Hernández.pdf
2020-03-11 00:58:25,888 Pdf: pdfs/Año 2013\Julio\Sesión 239 del Pleno (04-07-2013)\1- Sesión 239 del Pleno Solicitud de cambio del orden del día - Asambleísta Virgilio Hernández.pdf
2020-03-11 00:58:25,888 
2020-03-11 00:58:25,888 _______________
2020-03-11 00:58:25,888 
2020-03-11 00:58:27,558 Anio: 2013
2020-03-11 00:58:27,558 Mes: Julio
2020-03-11 00:58:27,558 Sesion: Sesión 239 del Pleno (04-07-2013)
2020-03-11 00:58:27,558 Nombre: 2- Sesión 239 del Pleno Solicitud de cambio del orden del día - Asambleista Lourdes Tibán.pdf
2020-03-11 00:58:27,558 Pdf: pdfs/Año 2013\Julio\Sesión 239 del Pleno (04-07-2013)\2- Sesión 239 del Pleno Solicitud de cambio del orden del día - Asambleista Lourdes Tibán.pdf
2020-03-11 00:58:27,558 
2020-03-11 00:58:27,558 _______________
2020-03-11 00:58:27,558 
2020-03-11 00:58:28,871 Anio: 2013
2020-03-11 00:58:28,871 Mes: Julio
2020-03-11 00:58:28,871 Sesion: Sesión 239 del Pleno (04-07-2013)
2020-03-11 00:58:28,871 Nombre: 3- Sesión 239 Solicitud de cambio del orden del día  - Asambleísta Miguel Carvajal.pdf
2020-03-11 00:58:28,871 Pdf: pdfs/Año 2013\Julio\Sesión 239 del Pleno (04-07-2013)\3- Sesión 239 Solicitud de cambio del orden del día  - Asambleísta Miguel Carvajal.pdf
2020-03-11 00:58:28,871 
2020-03-11 00:58:28,871 _______________
2020-03-11 00:58:28,871 
2020-03-11 00:58:30,282 Anio: 2013
2020-03-11 00:58:30,282 Mes: Julio
2020-03-11 00:58:30,282 Sesion: Sesión 239 del Pleno (04-07-2013)
2020-03-11 00:58:30,282 Nombre: 4- Sesión 239 Archivar el Proyecto de Ley Interp.pdf
2020-03-11 00:58:30,282 Pdf: pdfs/Año 2013\Julio\Sesión 239 del Pleno (04-07-2013)\4- Sesión 239 Archivar el Proyecto de Ley Interp.pdf
2020-03-11 00:58:30,282 
2020-03-11 00:58:30,282 _______________
2020-03-11 00:58:30,282 
2020-03-11 00:58:33,378 Anio: 2013
2020-03-11 00:58:33,378 Mes: Julio
2020-03-11 00:58:33,378 Sesion: Sesión 239 del Pleno (04-07-2013)
2020-03-11 00:58:33,378 Nombre: 4- Sesión 239 Archivar el Proyecto de Ley Interpretativa de la Disposición General Novena y Derogato.pdf
2020-03-11 00:58:33,378 Pdf: pdfs/Año 2013\Julio\Sesión 239 del Pleno (04-07-2013)\4- Sesión 239 Archivar el Proyecto de Ley Interpretativa de la Disposición General Novena y Derogato.pdf
2020-03-11 00:58:33,378 
2020-03-11 00:58:33,378 _______________
2020-03-11 00:58:33,378 
2020-03-11 00:58:36,329 Anio: 2013
2020-03-11 00:58:36,329 Mes: Julio
2020-03-11 00:58:36,329 Sesion: Sesión 239 del Pleno (04-07-2013)
2020-03-11 00:58:36,329 Nombre: 4- Sesión 239 Archivar el Proyecto de Ley Interpretativa de la Disposición General Novena y Derogatoria Sexta .pdf
2020-03-11 00:58:36,329 Pdf: pdfs/Año 2013\Julio\Sesión 239 del Pleno (04-07-2013)\4- Sesión 239 Archivar el Proyecto de Ley Interpretativa de la Disposición General Novena y Derogatoria Sexta .pdf
2020-03-11 00:58:36,329 
2020-03-11 00:58:36,329 _______________
2020-03-11 00:58:36,329 
2020-03-11 00:58:39,266 Anio: 2013
2020-03-11 00:58:39,267 Mes: Julio
2020-03-11 00:58:39,267 Sesion: Sesión 239 del Pleno (04-07-2013)
2020-03-11 00:58:39,267 Nombre: 5- Sesión 239 Archivar el Proyecto de Ley Reformatoria a la Ley de Extranjería.pdf
2020-03-11 00:58:39,267 Pdf: pdfs/Año 2013\Julio\Sesión 239 del Pleno (04-07-2013)\5- Sesión 239 Archivar el Proyecto de Ley Reformatoria a la Ley de Extranjería.pdf
2020-03-11 00:58:39,267 
2020-03-11 00:58:39,267 _______________
2020-03-11 00:58:39,267 
2020-03-11 00:58:40,452 Anio: 2013
2020-03-11 00:58:40,452 Mes: Julio
2020-03-11 00:58:40,452 Sesion: Sesión 239 del Pleno (04-07-2013)
2020-03-11 00:58:40,452 Nombre: 6- Sesión 239 Resolución para apoyar al Presidente Evo Morales.pdf
2020-03-11 00:58:40,452 Pdf: pdfs/Año 2013\Julio\Sesión 239 del Pleno (04-07-2013)\6- Sesión 239 Resolución para apoyar al Presidente Evo Morales.pdf
2020-03-11 00:58:40,452 
2020-03-11 00:58:40,452 _______________
2020-03-11 00:58:40,452 
2020-03-11 00:58:41,539 Anio: 2013
2020-03-11 00:58:41,540 Mes: Julio
2020-03-11 00:58:41,540 Sesion: Sesión 239 del Pleno (04-07-2013)
2020-03-11 00:58:41,540 Nombre: 7- Sesión 239 Resolución para nombrar a los dele.pdf
2020-03-11 00:58:41,540 Pdf: pdfs/Año 2013\Julio\Sesión 239 del Pleno (04-07-2013)\7- Sesión 239 Resolución para nombrar a los dele.pdf
2020-03-11 00:58:41,540 
2020-03-11 00:58:41,540 _______________
2020-03-11 00:58:41,540 
2020-03-11 00:58:44,495 Anio: 2013
2020-03-11 00:58:44,495 Mes: Julio
2020-03-11 00:58:44,495 Sesion: Sesión 239 del Pleno (04-07-2013)
2020-03-11 00:58:44,495 Nombre: 7- Sesión 239 Resolución para nombrar a los delegados de la Asamblea Nacional para la Comisión de Se.pdf
2020-03-11 00:58:44,495 Pdf: pdfs/Año 2013\Julio\Sesión 239 del Pleno (04-07-2013)\7- Sesión 239 Resolución para nombrar a los delegados de la Asamblea Nacional para la Comisión de Se.pdf
2020-03-11 00:58:44,495 
2020-03-11 00:58:44,495 _______________
2020-03-11 00:58:44,495 
2020-03-11 00:58:47,406 Anio: 2013
2020-03-11 00:58:47,406 Mes: Julio
2020-03-11 00:58:47,406 Sesion: Sesión 239 del Pleno (04-07-2013)
2020-03-11 00:58:47,406 Nombre: 7- Sesión 239 Resolución para nombrar a los delegados de la Asamblea Nacional para la Comisión de Selección de.pdf
2020-03-11 00:58:47,407 Pdf: pdfs/Año 2013\Julio\Sesión 239 del Pleno (04-07-2013)\7- Sesión 239 Resolución para nombrar a los delegados de la Asamblea Nacional para la Comisión de Selección de.pdf
2020-03-11 00:58:47,407 
2020-03-11 00:58:47,407 _______________
2020-03-11 00:58:47,407 
2020-03-11 00:58:50,394 Anio: 2013
2020-03-11 00:58:50,394 Mes: Julio
2020-03-11 00:58:50,394 Sesion: Sesión 240 del Pleno (09-07-2013)
2020-03-11 00:58:50,394 Nombre: 1- Sesión 240 del Pleno Allanarse Objeción Parci.pdf
2020-03-11 00:58:50,394 Pdf: pdfs/Año 2013\Julio\Sesión 240 del Pleno (09-07-2013)\1- Sesión 240 del Pleno Allanarse Objeción Parci.pdf
2020-03-11 00:58:50,394 
2020-03-11 00:58:50,394 _______________
2020-03-11 00:58:50,395 
2020-03-11 00:58:53,094 Anio: 2013
2020-03-11 00:58:53,094 Mes: Julio
2020-03-11 00:58:53,094 Sesion: Sesión 240 del Pleno (09-07-2013)
2020-03-11 00:58:53,094 Nombre: 1- Sesión 240 del Pleno Allanarse Objeción Parcial al Proyecto de Ley Orgánica Reformatoria a la Ley de Minerí.pdf
2020-03-11 00:58:53,095 Pdf: pdfs/Año 2013\Julio\Sesión 240 del Pleno (09-07-2013)\1- Sesión 240 del Pleno Allanarse Objeción Parcial al Proyecto de Ley Orgánica Reformatoria a la Ley de Minerí.pdf
2020-03-11 00:58:53,095 
2020-03-11 00:58:53,095 _______________
2020-03-11 00:58:53,095 
2020-03-11 00:58:55,774 Anio: 2013
2020-03-11 00:58:55,774 Mes: Julio
2020-03-11 00:58:55,774 Sesion: Sesión 240 del Pleno (09-07-2013)
2020-03-11 00:58:55,774 Nombre: 1- Sesión 240 del Pleno Allanarse Objeción Parcial al Proyecto de Ley Orgánica Reformatoria a la Ley.pdf
2020-03-11 00:58:55,774 Pdf: pdfs/Año 2013\Julio\Sesión 240 del Pleno (09-07-2013)\1- Sesión 240 del Pleno Allanarse Objeción Parcial al Proyecto de Ley Orgánica Reformatoria a la Ley.pdf
2020-03-11 00:58:55,774 
2020-03-11 00:58:55,774 _______________
2020-03-11 00:58:55,774 
2020-03-11 00:58:58,565 Anio: 2013
2020-03-11 00:58:58,565 Mes: Julio
2020-03-11 00:58:58,565 Sesion: Sesión 240 del Pleno (09-07-2013)
2020-03-11 00:58:58,565 Nombre: 2- Sesión 240 del Pleno Allanarse a la Objeción .pdf
2020-03-11 00:58:58,565 Pdf: pdfs/Año 2013\Julio\Sesión 240 del Pleno (09-07-2013)\2- Sesión 240 del Pleno Allanarse a la Objeción .pdf
2020-03-11 00:58:58,565 
2020-03-11 00:58:58,565 _______________
2020-03-11 00:58:58,565 
2020-03-11 00:58:59,995 Anio: 2013
2020-03-11 00:58:59,995 Mes: Julio
2020-03-11 00:58:59,995 Sesion: Sesión 240 del Pleno (09-07-2013)
2020-03-11 00:58:59,995 Nombre: 2- Sesión 240 del Pleno Allanarse a la Objeción Parcial al Proyecto de Ley Orgánica Reformatoria del Código Or.pdf
2020-03-11 00:58:59,995 Pdf: pdfs/Año 2013\Julio\Sesión 240 del Pleno (09-07-2013)\2- Sesión 240 del Pleno Allanarse a la Objeción Parcial al Proyecto de Ley Orgánica Reformatoria del Código Or.pdf
2020-03-11 00:58:59,995 
2020-03-11 00:58:59,995 _______________
2020-03-11 00:58:59,995 
2020-03-11 00:59:01,588 Anio: 2013
2020-03-11 00:59:01,588 Mes: Julio
2020-03-11 00:59:01,588 Sesion: Sesión 240 del Pleno (09-07-2013)
2020-03-11 00:59:01,588 Nombre: 2- Sesión 240 del Pleno Allanarse a la Objeción Parcial al Proyecto de Ley Orgánica Reformatoria del.pdf
2020-03-11 00:59:01,588 Pdf: pdfs/Año 2013\Julio\Sesión 240 del Pleno (09-07-2013)\2- Sesión 240 del Pleno Allanarse a la Objeción Parcial al Proyecto de Ley Orgánica Reformatoria del.pdf
2020-03-11 00:59:01,588 
2020-03-11 00:59:01,588 _______________
2020-03-11 00:59:01,588 
2020-03-11 00:59:03,002 Anio: 2013
2020-03-11 00:59:03,002 Mes: Julio
2020-03-11 00:59:03,002 Sesion: Sesión 240 del Pleno (09-07-2013)
2020-03-11 00:59:03,002 Nombre: 3- Sesión 240 del Pleno Archivar el Proyecto de .pdf
2020-03-11 00:59:03,002 Pdf: pdfs/Año 2013\Julio\Sesión 240 del Pleno (09-07-2013)\3- Sesión 240 del Pleno Archivar el Proyecto de .pdf
2020-03-11 00:59:03,002 
2020-03-11 00:59:03,002 _______________
2020-03-11 00:59:03,002 
2020-03-11 00:59:04,399 Anio: 2013
2020-03-11 00:59:04,399 Mes: Julio
2020-03-11 00:59:04,399 Sesion: Sesión 240 del Pleno (09-07-2013)
2020-03-11 00:59:04,399 Nombre: 3- Sesión 240 del Pleno Archivar el Proyecto de Ley Orgánica contra el Discrimen, el Acoso y la Viol.pdf
2020-03-11 00:59:04,400 Pdf: pdfs/Año 2013\Julio\Sesión 240 del Pleno (09-07-2013)\3- Sesión 240 del Pleno Archivar el Proyecto de Ley Orgánica contra el Discrimen, el Acoso y la Viol.pdf
2020-03-11 00:59:04,400 
2020-03-11 00:59:04,400 _______________
2020-03-11 00:59:04,400 
2020-03-11 00:59:05,773 Anio: 2013
2020-03-11 00:59:05,773 Mes: Julio
2020-03-11 00:59:05,773 Sesion: Sesión 240 del Pleno (09-07-2013)
2020-03-11 00:59:05,773 Nombre: 3- Sesión 240 del Pleno Archivar el Proyecto de Ley Orgánica contra el Discrimen, el Acoso y la Violencia Polí.pdf
2020-03-11 00:59:05,773 Pdf: pdfs/Año 2013\Julio\Sesión 240 del Pleno (09-07-2013)\3- Sesión 240 del Pleno Archivar el Proyecto de Ley Orgánica contra el Discrimen, el Acoso y la Violencia Polí.pdf
2020-03-11 00:59:05,773 
2020-03-11 00:59:05,773 _______________
2020-03-11 00:59:05,773 
2020-03-11 00:59:07,162 Anio: 2013
2020-03-11 00:59:07,162 Mes: Julio
2020-03-11 00:59:07,162 Sesion: Sesión 240 del Pleno (09-07-2013)
2020-03-11 00:59:07,162 Nombre: 4- Sesión 240 del Pleno Archivar el Proyecto de .pdf
2020-03-11 00:59:07,162 Pdf: pdfs/Año 2013\Julio\Sesión 240 del Pleno (09-07-2013)\4- Sesión 240 del Pleno Archivar el Proyecto de .pdf
2020-03-11 00:59:07,162 
2020-03-11 00:59:07,162 _______________
2020-03-11 00:59:07,162 
2020-03-11 00:59:08,558 Anio: 2013
2020-03-11 00:59:08,558 Mes: Julio
2020-03-11 00:59:08,558 Sesion: Sesión 240 del Pleno (09-07-2013)
2020-03-11 00:59:08,558 Nombre: 4- Sesión 240 del Pleno Archivar el Proyecto de Ley Orgánica Reformatoria a la Ley Orgánica de Trans.pdf
2020-03-11 00:59:08,558 Pdf: pdfs/Año 2013\Julio\Sesión 240 del Pleno (09-07-2013)\4- Sesión 240 del Pleno Archivar el Proyecto de Ley Orgánica Reformatoria a la Ley Orgánica de Trans.pdf
2020-03-11 00:59:08,558 
2020-03-11 00:59:08,559 _______________
2020-03-11 00:59:08,559 
2020-03-11 00:59:10,035 Anio: 2013
2020-03-11 00:59:10,035 Mes: Julio
2020-03-11 00:59:10,035 Sesion: Sesión 240 del Pleno (09-07-2013)
2020-03-11 00:59:10,035 Nombre: 4- Sesión 240 del Pleno Archivar el Proyecto de Ley Orgánica Reformatoria a la Ley Orgánica de Transporte Terr.pdf
2020-03-11 00:59:10,035 Pdf: pdfs/Año 2013\Julio\Sesión 240 del Pleno (09-07-2013)\4- Sesión 240 del Pleno Archivar el Proyecto de Ley Orgánica Reformatoria a la Ley Orgánica de Transporte Terr.pdf
2020-03-11 00:59:10,035 
2020-03-11 00:59:10,036 _______________
2020-03-11 00:59:10,036 
2020-03-11 00:59:11,521 Anio: 2013
2020-03-11 00:59:11,521 Mes: Julio
2020-03-11 00:59:11,521 Sesion: Sesión 240 del Pleno continuación (18-07-2013)
2020-03-11 00:59:11,521 Nombre: 1- Sesión 240 del Pleno continuación Resolución .pdf
2020-03-11 00:59:11,521 Pdf: pdfs/Año 2013\Julio\Sesión 240 del Pleno continuación (18-07-2013)\1- Sesión 240 del Pleno continuación Resolución .pdf
2020-03-11 00:59:11,521 
2020-03-11 00:59:11,521 _______________
2020-03-11 00:59:11,521 
2020-03-11 00:59:14,343 Anio: 2013
2020-03-11 00:59:14,343 Mes: Julio
2020-03-11 00:59:14,343 Sesion: Sesión 240 del Pleno continuación (18-07-2013)
2020-03-11 00:59:14,343 Nombre: 1- Sesión 240 del Pleno continuación Resolución entorno a las declaraciones realizadas por funcionar.pdf
2020-03-11 00:59:14,343 Pdf: pdfs/Año 2013\Julio\Sesión 240 del Pleno continuación (18-07-2013)\1- Sesión 240 del Pleno continuación Resolución entorno a las declaraciones realizadas por funcionar.pdf
2020-03-11 00:59:14,343 
2020-03-11 00:59:14,343 _______________
2020-03-11 00:59:14,343 
2020-03-11 00:59:17,360 Anio: 2013
2020-03-11 00:59:17,360 Mes: Julio
2020-03-11 00:59:17,360 Sesion: Sesión 240 del Pleno continuación (18-07-2013)
2020-03-11 00:59:17,360 Nombre: 1- Sesión 240 del Pleno continuación Resolución entorno a las declaraciones realizadas por funcionarios del Go.pdf
2020-03-11 00:59:17,360 Pdf: pdfs/Año 2013\Julio\Sesión 240 del Pleno continuación (18-07-2013)\1- Sesión 240 del Pleno continuación Resolución entorno a las declaraciones realizadas por funcionarios del Go.pdf
2020-03-11 00:59:17,360 
2020-03-11 00:59:17,360 _______________
2020-03-11 00:59:17,360 
2020-03-11 00:59:20,346 Anio: 2013
2020-03-11 00:59:20,347 Mes: Julio
2020-03-11 00:59:20,347 Sesion: Sesión 241 del Pleno (12-07-2013)
2020-03-11 00:59:20,347 Nombre: 1- Sesión 241 del Pleno Aprobar el Protocolo de .pdf
2020-03-11 00:59:20,347 Pdf: pdfs/Año 2013\Julio\Sesión 241 del Pleno (12-07-2013)\1- Sesión 241 del Pleno Aprobar el Protocolo de .pdf
2020-03-11 00:59:20,347 
2020-03-11 00:59:20,347 _______________
2020-03-11 00:59:20,347 
2020-03-11 00:59:21,702 Anio: 2013
2020-03-11 00:59:21,702 Mes: Julio
2020-03-11 00:59:21,702 Sesion: Sesión 241 del Pleno (12-07-2013)
2020-03-11 00:59:21,702 Nombre: 1- Sesión 241 del Pleno Aprobar el Protocolo de Montevideo sobre compromiso con la Democracia en el .pdf
2020-03-11 00:59:21,702 Pdf: pdfs/Año 2013\Julio\Sesión 241 del Pleno (12-07-2013)\1- Sesión 241 del Pleno Aprobar el Protocolo de Montevideo sobre compromiso con la Democracia en el .pdf
2020-03-11 00:59:21,702 
2020-03-11 00:59:21,702 _______________
2020-03-11 00:59:21,702 
2020-03-11 00:59:23,143 Anio: 2013
2020-03-11 00:59:23,143 Mes: Julio
2020-03-11 00:59:23,143 Sesion: Sesión 241 del Pleno (12-07-2013)
2020-03-11 00:59:23,144 Nombre: 1- Sesión 241 del Pleno Aprobar el Protocolo de Montevideo sobre compromiso con la Democracia en el MERCOSUR (.pdf
2020-03-11 00:59:23,144 Pdf: pdfs/Año 2013\Julio\Sesión 241 del Pleno (12-07-2013)\1- Sesión 241 del Pleno Aprobar el Protocolo de Montevideo sobre compromiso con la Democracia en el MERCOSUR (.pdf
2020-03-11 00:59:23,144 
2020-03-11 00:59:23,144 _______________
2020-03-11 00:59:23,144 
2020-03-11 00:59:24,547 Anio: 2013
2020-03-11 00:59:24,547 Mes: Julio
2020-03-11 00:59:24,547 Sesion: Sesión 241 del Pleno (12-07-2013)
2020-03-11 00:59:24,548 Nombre: 2- Sesión 241 del Pleno Aprobar el Convenio de S.pdf
2020-03-11 00:59:24,548 Pdf: pdfs/Año 2013\Julio\Sesión 241 del Pleno (12-07-2013)\2- Sesión 241 del Pleno Aprobar el Convenio de S.pdf
2020-03-11 00:59:24,548 
2020-03-11 00:59:24,548 _______________
2020-03-11 00:59:24,548 
2020-03-11 00:59:26,032 Anio: 2013
2020-03-11 00:59:26,032 Mes: Julio
2020-03-11 00:59:26,032 Sesion: Sesión 241 del Pleno (12-07-2013)
2020-03-11 00:59:26,032 Nombre: 2- Sesión 241 del Pleno Aprobar el Convenio de Seguridad Social a suscribirse entre la República del Ecuador y.pdf
2020-03-11 00:59:26,032 Pdf: pdfs/Año 2013\Julio\Sesión 241 del Pleno (12-07-2013)\2- Sesión 241 del Pleno Aprobar el Convenio de Seguridad Social a suscribirse entre la República del Ecuador y.pdf
2020-03-11 00:59:26,032 
2020-03-11 00:59:26,032 _______________
2020-03-11 00:59:26,032 
2020-03-11 00:59:27,583 Anio: 2013
2020-03-11 00:59:27,583 Mes: Julio
2020-03-11 00:59:27,583 Sesion: Sesión 241 del Pleno (12-07-2013)
2020-03-11 00:59:27,583 Nombre: 2- Sesión 241 del Pleno Aprobar el Convenio de Seguridad Social a suscribirse entre la República del.pdf
2020-03-11 00:59:27,583 Pdf: pdfs/Año 2013\Julio\Sesión 241 del Pleno (12-07-2013)\2- Sesión 241 del Pleno Aprobar el Convenio de Seguridad Social a suscribirse entre la República del.pdf
2020-03-11 00:59:27,583 
2020-03-11 00:59:27,583 _______________
2020-03-11 00:59:27,583 
2020-03-11 00:59:28,998 Anio: 2013
2020-03-11 00:59:28,998 Mes: Julio
2020-03-11 00:59:28,998 Sesion: Sesión 241 del Pleno (12-07-2013)
2020-03-11 00:59:28,998 Nombre: 3- Sesión 241 del Pleno Archivar el proyecto de .pdf
2020-03-11 00:59:28,999 Pdf: pdfs/Año 2013\Julio\Sesión 241 del Pleno (12-07-2013)\3- Sesión 241 del Pleno Archivar el proyecto de .pdf
2020-03-11 00:59:28,999 
2020-03-11 00:59:28,999 _______________
2020-03-11 00:59:28,999 
2020-03-11 00:59:30,754 Anio: 2013
2020-03-11 00:59:30,755 Mes: Julio
2020-03-11 00:59:30,755 Sesion: Sesión 241 del Pleno (12-07-2013)
2020-03-11 00:59:30,755 Nombre: 3- Sesión 241 del Pleno Archivar el proyecto de Ley Derogatoria a la Ley de Fomento Ambiental y Opti.pdf
2020-03-11 00:59:30,755 Pdf: pdfs/Año 2013\Julio\Sesión 241 del Pleno (12-07-2013)\3- Sesión 241 del Pleno Archivar el proyecto de Ley Derogatoria a la Ley de Fomento Ambiental y Opti.pdf
2020-03-11 00:59:30,755 
2020-03-11 00:59:30,755 _______________
2020-03-11 00:59:30,755 
2020-03-11 00:59:32,506 Anio: 2013
2020-03-11 00:59:32,506 Mes: Julio
2020-03-11 00:59:32,506 Sesion: Sesión 241 del Pleno (12-07-2013)
2020-03-11 00:59:32,506 Nombre: 3- Sesión 241 del Pleno Archivar el proyecto de Ley Derogatoria a la Ley de Fomento Ambiental y Optimización d.pdf
2020-03-11 00:59:32,506 Pdf: pdfs/Año 2013\Julio\Sesión 241 del Pleno (12-07-2013)\3- Sesión 241 del Pleno Archivar el proyecto de Ley Derogatoria a la Ley de Fomento Ambiental y Optimización d.pdf
2020-03-11 00:59:32,507 
2020-03-11 00:59:32,507 _______________
2020-03-11 00:59:32,507 
2020-03-11 00:59:34,211 Anio: 2013
2020-03-11 00:59:34,211 Mes: Julio
2020-03-11 00:59:34,211 Sesion: Sesión 241 del Pleno (12-07-2013)
2020-03-11 00:59:34,211 Nombre: 4- Sesión 241 del Pleno Archivar el Proyecto de .pdf
2020-03-11 00:59:34,211 Pdf: pdfs/Año 2013\Julio\Sesión 241 del Pleno (12-07-2013)\4- Sesión 241 del Pleno Archivar el Proyecto de .pdf
2020-03-11 00:59:34,211 
2020-03-11 00:59:34,211 _______________
2020-03-11 00:59:34,211 
2020-03-11 00:59:35,664 Anio: 2013
2020-03-11 00:59:35,664 Mes: Julio
2020-03-11 00:59:35,664 Sesion: Sesión 241 del Pleno (12-07-2013)
2020-03-11 00:59:35,664 Nombre: 4- Sesión 241 del Pleno Archivar el Proyecto de Ley de Inmunidad a los Miembros que integran las Vee.pdf
2020-03-11 00:59:35,664 Pdf: pdfs/Año 2013\Julio\Sesión 241 del Pleno (12-07-2013)\4- Sesión 241 del Pleno Archivar el Proyecto de Ley de Inmunidad a los Miembros que integran las Vee.pdf
2020-03-11 00:59:35,664 
2020-03-11 00:59:35,664 _______________
2020-03-11 00:59:35,664 
2020-03-11 00:59:37,239 Anio: 2013
2020-03-11 00:59:37,239 Mes: Julio
2020-03-11 00:59:37,239 Sesion: Sesión 241 del Pleno (12-07-2013)
2020-03-11 00:59:37,239 Nombre: 4- Sesión 241 del Pleno Archivar el Proyecto de Ley de Inmunidad a los Miembros que integran las Veedurías o C.pdf
2020-03-11 00:59:37,239 Pdf: pdfs/Año 2013\Julio\Sesión 241 del Pleno (12-07-2013)\4- Sesión 241 del Pleno Archivar el Proyecto de Ley de Inmunidad a los Miembros que integran las Veedurías o C.pdf
2020-03-11 00:59:37,239 
2020-03-11 00:59:37,240 _______________
2020-03-11 00:59:37,240 
2020-03-11 00:59:38,637 Anio: 2013
2020-03-11 00:59:38,637 Mes: Julio
2020-03-11 00:59:38,637 Sesion: Sesión 242 del Pleno (16-07-2013)
2020-03-11 00:59:38,637 Nombre: 1- Sesión 242 del Pleno Solicitud de cambio del orden del día - Asambleísta Cynthia Viteri.pdf
2020-03-11 00:59:38,637 Pdf: pdfs/Año 2013\Julio\Sesión 242 del Pleno (16-07-2013)\1- Sesión 242 del Pleno Solicitud de cambio del orden del día - Asambleísta Cynthia Viteri.pdf
2020-03-11 00:59:38,637 
2020-03-11 00:59:38,637 _______________
2020-03-11 00:59:38,637 
2020-03-11 00:59:39,964 Anio: 2013
2020-03-11 00:59:39,964 Mes: Julio
2020-03-11 00:59:39,964 Sesion: Sesión 242 del Pleno (16-07-2013)
2020-03-11 00:59:39,964 Nombre: 2- Sesión 242 del Pleno Archivar el Proyecto de Ley de Integración de Franjas Fronterizas del Ecuador.pdf
2020-03-11 00:59:39,964 Pdf: pdfs/Año 2013\Julio\Sesión 242 del Pleno (16-07-2013)\2- Sesión 242 del Pleno Archivar el Proyecto de Ley de Integración de Franjas Fronterizas del Ecuador.pdf
2020-03-11 00:59:39,964 
2020-03-11 00:59:39,964 _______________
2020-03-11 00:59:39,964 
2020-03-11 00:59:41,009 Anio: 2013
2020-03-11 00:59:41,010 Mes: Julio
2020-03-11 00:59:41,010 Sesion: Sesión 242 del Pleno (16-07-2013)
2020-03-11 00:59:41,010 Nombre: 3- Sesión 243 del Pleno Archivar el Proyecto de Ley Reformatoria a la Ley 171 de Daño Moral.pdf
2020-03-11 00:59:41,010 Pdf: pdfs/Año 2013\Julio\Sesión 242 del Pleno (16-07-2013)\3- Sesión 243 del Pleno Archivar el Proyecto de Ley Reformatoria a la Ley 171 de Daño Moral.pdf
2020-03-11 00:59:41,010 
2020-03-11 00:59:41,010 _______________
2020-03-11 00:59:41,010 
2020-03-11 00:59:42,068 Anio: 2013
2020-03-11 00:59:42,068 Mes: Julio
2020-03-11 00:59:42,068 Sesion: Sesión 243 del Pleno (18-07-2013)
2020-03-11 00:59:42,068 Nombre: 1- Sesión 243 del Pleno Resolución de Respaldo y Solidaridad con la Comunidad Migrante ante la Refor.pdf
2020-03-11 00:59:42,068 Pdf: pdfs/Año 2013\Julio\Sesión 243 del Pleno (18-07-2013)\1- Sesión 243 del Pleno Resolución de Respaldo y Solidaridad con la Comunidad Migrante ante la Refor.pdf
2020-03-11 00:59:42,068 
2020-03-11 00:59:42,068 _______________
2020-03-11 00:59:42,068 
2020-03-11 00:59:43,929 Anio: 2013
2020-03-11 00:59:43,929 Mes: Julio
2020-03-11 00:59:43,929 Sesion: Sesión 243 del Pleno (18-07-2013)
2020-03-11 00:59:43,929 Nombre: 1- Sesión 243 del Pleno Resolución de Respaldo y Solidaridad con la Comunidad Migrante ante la Reforma Migrato.pdf
2020-03-11 00:59:43,929 Pdf: pdfs/Año 2013\Julio\Sesión 243 del Pleno (18-07-2013)\1- Sesión 243 del Pleno Resolución de Respaldo y Solidaridad con la Comunidad Migrante ante la Reforma Migrato.pdf
2020-03-11 00:59:43,929 
2020-03-11 00:59:43,929 _______________
2020-03-11 00:59:43,929 
2020-03-11 00:59:45,830 Anio: 2013
2020-03-11 00:59:45,830 Mes: Julio
2020-03-11 00:59:45,830 Sesion: Sesión 243 del Pleno (18-07-2013)
2020-03-11 00:59:45,830 Nombre: 1- Sesión 243 del Pleno Resolución de Respaldo y.pdf
2020-03-11 00:59:45,830 Pdf: pdfs/Año 2013\Julio\Sesión 243 del Pleno (18-07-2013)\1- Sesión 243 del Pleno Resolución de Respaldo y.pdf
2020-03-11 00:59:45,830 
2020-03-11 00:59:45,830 _______________
2020-03-11 00:59:45,830 
2020-03-11 00:59:47,694 Anio: 2013
2020-03-11 00:59:47,694 Mes: Julio
2020-03-11 00:59:47,694 Sesion: Sesión 244 del Pleno (24-07-2013)
2020-03-11 00:59:47,694 Nombre: 1- Sesión 244 del Pleno Aprobación Presupuesto G.pdf
2020-03-11 00:59:47,694 Pdf: pdfs/Año 2013\Julio\Sesión 244 del Pleno (24-07-2013)\1- Sesión 244 del Pleno Aprobación Presupuesto G.pdf
2020-03-11 00:59:47,694 
2020-03-11 00:59:47,694 _______________
2020-03-11 00:59:47,695 
2020-03-11 00:59:50,366 Anio: 2013
2020-03-11 00:59:50,366 Mes: Julio
2020-03-11 00:59:50,366 Sesion: Sesión 244 del Pleno (24-07-2013)
2020-03-11 00:59:50,366 Nombre: 1- Sesión 244 del Pleno Aprobación Presupuesto General del Estado para el año 2013; Programación Cua.pdf
2020-03-11 00:59:50,366 Pdf: pdfs/Año 2013\Julio\Sesión 244 del Pleno (24-07-2013)\1- Sesión 244 del Pleno Aprobación Presupuesto General del Estado para el año 2013; Programación Cua.pdf
2020-03-11 00:59:50,366 
2020-03-11 00:59:50,366 _______________
2020-03-11 00:59:50,366 
2020-03-11 00:59:53,139 Anio: 2013
2020-03-11 00:59:53,140 Mes: Julio
2020-03-11 00:59:53,140 Sesion: Sesión 244 del Pleno (24-07-2013)
2020-03-11 00:59:53,140 Nombre: 1- Sesión 244 del Pleno Aprobación Presupuesto General del Estado para el año 2013; Programación Cuatrianual 2.pdf
2020-03-11 00:59:53,140 Pdf: pdfs/Año 2013\Julio\Sesión 244 del Pleno (24-07-2013)\1- Sesión 244 del Pleno Aprobación Presupuesto General del Estado para el año 2013; Programación Cuatrianual 2.pdf
2020-03-11 00:59:53,140 
2020-03-11 00:59:53,140 _______________
2020-03-11 00:59:53,140 
2020-03-11 00:59:55,925 Anio: 2013
2020-03-11 00:59:55,925 Mes: Julio
2020-03-11 00:59:55,925 Sesion: Sesión 244 del Pleno (24-07-2013)
2020-03-11 00:59:55,925 Nombre: 2- Sesión 244 del Pleno Reconsideración - Aproba.pdf
2020-03-11 00:59:55,925 Pdf: pdfs/Año 2013\Julio\Sesión 244 del Pleno (24-07-2013)\2- Sesión 244 del Pleno Reconsideración - Aproba.pdf
2020-03-11 00:59:55,925 
2020-03-11 00:59:55,925 _______________
2020-03-11 00:59:55,925 
2020-03-11 00:59:58,040 Anio: 2013
2020-03-11 00:59:58,040 Mes: Julio
2020-03-11 00:59:58,040 Sesion: Sesión 244 del Pleno (24-07-2013)
2020-03-11 00:59:58,040 Nombre: 2- Sesión 244 del Pleno Reconsideración - Aprobación Presupuesto General del Estado para el año 2013.pdf
2020-03-11 00:59:58,040 Pdf: pdfs/Año 2013\Julio\Sesión 244 del Pleno (24-07-2013)\2- Sesión 244 del Pleno Reconsideración - Aprobación Presupuesto General del Estado para el año 2013.pdf
2020-03-11 00:59:58,040 
2020-03-11 00:59:58,040 _______________
2020-03-11 00:59:58,040 
2020-03-11 01:00:00,192 Anio: 2013
2020-03-11 01:00:00,192 Mes: Julio
2020-03-11 01:00:00,192 Sesion: Sesión 244 del Pleno (24-07-2013)
2020-03-11 01:00:00,192 Nombre: 2- Sesión 244 del Pleno Reconsideración - Aprobación Presupuesto General del Estado para el año 2013; Programa.pdf
2020-03-11 01:00:00,192 Pdf: pdfs/Año 2013\Julio\Sesión 244 del Pleno (24-07-2013)\2- Sesión 244 del Pleno Reconsideración - Aprobación Presupuesto General del Estado para el año 2013; Programa.pdf
2020-03-11 01:00:00,192 
2020-03-11 01:00:00,193 _______________
2020-03-11 01:00:00,193 
2020-03-11 01:00:02,619 Anio: 2013
2020-03-11 01:00:02,619 Mes: Julio
2020-03-11 01:00:02,619 Sesion: Sesión 245 del Pleno (31-07-2013)
2020-03-11 01:00:02,619 Nombre: 1- Sesión 245 del pleno Votación - Proyecto de Ley Orgánica de Incentivos para el Sector Productivo.pdf
2020-03-11 01:00:02,619 Pdf: pdfs/Año 2013\Julio\Sesión 245 del Pleno (31-07-2013)\1- Sesión 245 del pleno Votación - Proyecto de Ley Orgánica de Incentivos para el Sector Productivo.pdf
2020-03-11 01:00:02,619 
2020-03-11 01:00:02,619 _______________
2020-03-11 01:00:02,619 
2020-03-11 01:00:04,104 Anio: 2013
2020-03-11 01:00:04,104 Mes: Junio
2020-03-11 01:00:04,105 Sesion: Sesión 136 del Pleno continuación (14-06-2013)
2020-03-11 01:00:04,105 Nombre: 1- Sesión 136 del pleno continuación reconsideración de la votación del asambleísta Zevallos.pdf
2020-03-11 01:00:04,105 Pdf: pdfs/Año 2013\Junio\Sesión 136 del Pleno continuación (14-06-2013)\1- Sesión 136 del pleno continuación reconsideración de la votación del asambleísta Zevallos.pdf
2020-03-11 01:00:04,105 
2020-03-11 01:00:04,105 _______________
2020-03-11 01:00:04,105 
2020-03-11 01:00:05,896 Anio: 2013
2020-03-11 01:00:05,896 Mes: Junio
2020-03-11 01:00:05,896 Sesion: Sesión 136 del Pleno continuación (14-06-2013)
2020-03-11 01:00:05,896 Nombre: 10- Sesión 136 del pleno reconsideración de las votaciones de la Ley de Comunicación.pdf
2020-03-11 01:00:05,896 Pdf: pdfs/Año 2013\Junio\Sesión 136 del Pleno continuación (14-06-2013)\10- Sesión 136 del pleno reconsideración de las votaciones de la Ley de Comunicación.pdf
2020-03-11 01:00:05,896 
2020-03-11 01:00:05,896 _______________
2020-03-11 01:00:05,896 
2020-03-11 01:00:07,693 Anio: 2013
2020-03-11 01:00:07,693 Mes: Junio
2020-03-11 01:00:07,693 Sesion: Sesión 136 del Pleno continuación (14-06-2013)
2020-03-11 01:00:07,693 Nombre: 2- Sesión 136 del Pleno Votación por titulos.pdf
2020-03-11 01:00:07,693 Pdf: pdfs/Año 2013\Junio\Sesión 136 del Pleno continuación (14-06-2013)\2- Sesión 136 del Pleno Votación por titulos.pdf
2020-03-11 01:00:07,694 
2020-03-11 01:00:07,694 _______________
2020-03-11 01:00:07,694 
2020-03-11 01:00:09,242 Anio: 2013
2020-03-11 01:00:09,242 Mes: Junio
2020-03-11 01:00:09,242 Sesion: Sesión 136 del Pleno continuación (14-06-2013)
2020-03-11 01:00:09,242 Nombre: 3- Sesión 136 del pleno Consideración y Denominación y Titulo.pdf
2020-03-11 01:00:09,242 Pdf: pdfs/Año 2013\Junio\Sesión 136 del Pleno continuación (14-06-2013)\3- Sesión 136 del pleno Consideración y Denominación y Titulo.pdf
2020-03-11 01:00:09,242 
2020-03-11 01:00:09,242 _______________
2020-03-11 01:00:09,242 
2020-03-11 01:00:10,554 Anio: 2013
2020-03-11 01:00:10,554 Mes: Junio
2020-03-11 01:00:10,554 Sesion: Sesión 136 del Pleno continuación (14-06-2013)
2020-03-11 01:00:10,554 Nombre: 4- Sesión 136 del pleno continuación Titulo II.pdf
2020-03-11 01:00:10,554 Pdf: pdfs/Año 2013\Junio\Sesión 136 del Pleno continuación (14-06-2013)\4- Sesión 136 del pleno continuación Titulo II.pdf
2020-03-11 01:00:10,554 
2020-03-11 01:00:10,555 _______________
2020-03-11 01:00:10,555 
2020-03-11 01:00:12,305 Anio: 2013
2020-03-11 01:00:12,305 Mes: Junio
2020-03-11 01:00:12,305 Sesion: Sesión 136 del Pleno continuación (14-06-2013)
2020-03-11 01:00:12,305 Nombre: 5- Sesión 136 del pleno continuación Titulo III.pdf
2020-03-11 01:00:12,305 Pdf: pdfs/Año 2013\Junio\Sesión 136 del Pleno continuación (14-06-2013)\5- Sesión 136 del pleno continuación Titulo III.pdf
2020-03-11 01:00:12,305 
2020-03-11 01:00:12,305 _______________
2020-03-11 01:00:12,305 
2020-03-11 01:00:14,020 Anio: 2013
2020-03-11 01:00:14,020 Mes: Junio
2020-03-11 01:00:14,020 Sesion: Sesión 136 del Pleno continuación (14-06-2013)
2020-03-11 01:00:14,021 Nombre: 6- Sesión 136 del pleno continuación Titulo IV.pdf
2020-03-11 01:00:14,021 Pdf: pdfs/Año 2013\Junio\Sesión 136 del Pleno continuación (14-06-2013)\6- Sesión 136 del pleno continuación Titulo IV.pdf
2020-03-11 01:00:14,021 
2020-03-11 01:00:14,021 _______________
2020-03-11 01:00:14,021 
2020-03-11 01:00:15,746 Anio: 2013
2020-03-11 01:00:15,746 Mes: Junio
2020-03-11 01:00:15,746 Sesion: Sesión 136 del Pleno continuación (14-06-2013)
2020-03-11 01:00:15,746 Nombre: 7- Sesión 136 del pleno continuación Titulo V.pdf
2020-03-11 01:00:15,746 Pdf: pdfs/Año 2013\Junio\Sesión 136 del Pleno continuación (14-06-2013)\7- Sesión 136 del pleno continuación Titulo V.pdf
2020-03-11 01:00:15,746 
2020-03-11 01:00:15,746 _______________
2020-03-11 01:00:15,746 
2020-03-11 01:00:17,230 Anio: 2013
2020-03-11 01:00:17,230 Mes: Junio
2020-03-11 01:00:17,230 Sesion: Sesión 136 del Pleno continuación (14-06-2013)
2020-03-11 01:00:17,231 Nombre: 8- Sesión 136 del pleno continuación Titulo VI.pdf
2020-03-11 01:00:17,231 Pdf: pdfs/Año 2013\Junio\Sesión 136 del Pleno continuación (14-06-2013)\8- Sesión 136 del pleno continuación Titulo VI.pdf
2020-03-11 01:00:17,231 
2020-03-11 01:00:17,231 _______________
2020-03-11 01:00:17,231 
2020-03-11 01:00:18,812 Anio: 2013
2020-03-11 01:00:18,812 Mes: Junio
2020-03-11 01:00:18,812 Sesion: Sesión 136 del Pleno continuación (14-06-2013)
2020-03-11 01:00:18,812 Nombre: 9- Sesión 136 del pleno continuación Disposiciones derogaratoria transitorias finales.pdf
2020-03-11 01:00:18,812 Pdf: pdfs/Año 2013\Junio\Sesión 136 del Pleno continuación (14-06-2013)\9- Sesión 136 del pleno continuación Disposiciones derogaratoria transitorias finales.pdf
2020-03-11 01:00:18,812 
2020-03-11 01:00:18,812 _______________
2020-03-11 01:00:18,812 
2020-03-11 01:00:20,253 Anio: 2013
2020-03-11 01:00:20,253 Mes: Junio
2020-03-11 01:00:20,253 Sesion: Sesión 180 del Pleno continuación (04-06-2013)
2020-03-11 01:00:20,253 Nombre: 1- Sesión 180 del Pleno continuación Aprobación .pdf
2020-03-11 01:00:20,253 Pdf: pdfs/Año 2013\Junio\Sesión 180 del Pleno continuación (04-06-2013)\1- Sesión 180 del Pleno continuación Aprobación .pdf
2020-03-11 01:00:20,253 
2020-03-11 01:00:20,253 _______________
2020-03-11 01:00:20,253 
2020-03-11 01:00:21,425 Anio: 2013
2020-03-11 01:00:21,425 Mes: Junio
2020-03-11 01:00:21,425 Sesion: Sesión 180 del Pleno continuación (04-06-2013)
2020-03-11 01:00:21,425 Nombre: 1- Sesión 180 del Pleno continuación Aprobación del Protocolo Adicional al Tratado Constitutivo de U.pdf
2020-03-11 01:00:21,425 Pdf: pdfs/Año 2013\Junio\Sesión 180 del Pleno continuación (04-06-2013)\1- Sesión 180 del Pleno continuación Aprobación del Protocolo Adicional al Tratado Constitutivo de U.pdf
2020-03-11 01:00:21,425 
2020-03-11 01:00:21,425 _______________
2020-03-11 01:00:21,425 
2020-03-11 01:00:22,537 Anio: 2013
2020-03-11 01:00:22,537 Mes: Junio
2020-03-11 01:00:22,537 Sesion: Sesión 180 del Pleno continuación (04-06-2013)
2020-03-11 01:00:22,537 Nombre: 1- Sesión 180 del Pleno continuación Aprobación del Protocolo Adicional al Tratado Constitutivo de UNASUR sobr.pdf
2020-03-11 01:00:22,537 Pdf: pdfs/Año 2013\Junio\Sesión 180 del Pleno continuación (04-06-2013)\1- Sesión 180 del Pleno continuación Aprobación del Protocolo Adicional al Tratado Constitutivo de UNASUR sobr.pdf
2020-03-11 01:00:22,537 
2020-03-11 01:00:22,537 _______________
2020-03-11 01:00:22,537 
2020-03-11 01:00:23,621 Anio: 2013
2020-03-11 01:00:23,621 Mes: Junio
2020-03-11 01:00:23,622 Sesion: Sesión 180 del Pleno continuación (04-06-2013)
2020-03-11 01:00:23,622 Nombre: 2- Sesión 180 del Pleno continuación Reconsidera.pdf
2020-03-11 01:00:23,622 Pdf: pdfs/Año 2013\Junio\Sesión 180 del Pleno continuación (04-06-2013)\2- Sesión 180 del Pleno continuación Reconsidera.pdf
2020-03-11 01:00:23,622 
2020-03-11 01:00:23,622 _______________
2020-03-11 01:00:23,622 
2020-03-11 01:00:26,665 Anio: 2013
2020-03-11 01:00:26,665 Mes: Junio
2020-03-11 01:00:26,665 Sesion: Sesión 180 del Pleno continuación (04-06-2013)
2020-03-11 01:00:26,665 Nombre: 2- Sesión 180 del Pleno continuación Reconsideración Aprobación del Protocolo Adicional al Tratado C.pdf
2020-03-11 01:00:26,665 Pdf: pdfs/Año 2013\Junio\Sesión 180 del Pleno continuación (04-06-2013)\2- Sesión 180 del Pleno continuación Reconsideración Aprobación del Protocolo Adicional al Tratado C.pdf
2020-03-11 01:00:26,665 
2020-03-11 01:00:26,665 _______________
2020-03-11 01:00:26,665 
2020-03-11 01:00:29,927 Anio: 2013
2020-03-11 01:00:29,927 Mes: Junio
2020-03-11 01:00:29,927 Sesion: Sesión 180 del Pleno continuación (04-06-2013)
2020-03-11 01:00:29,927 Nombre: 2- Sesión 180 del Pleno continuación Reconsideración Aprobación del Protocolo Adicional al Tratado Constitutiv.pdf
2020-03-11 01:00:29,927 Pdf: pdfs/Año 2013\Junio\Sesión 180 del Pleno continuación (04-06-2013)\2- Sesión 180 del Pleno continuación Reconsideración Aprobación del Protocolo Adicional al Tratado Constitutiv.pdf
2020-03-11 01:00:29,928 
2020-03-11 01:00:29,928 _______________
2020-03-11 01:00:29,928 
2020-03-11 01:00:33,013 Anio: 2013
2020-03-11 01:00:33,013 Mes: Junio
2020-03-11 01:00:33,013 Sesion: Sesión 228 del Pleno (06-06-2013)
2020-03-11 01:00:33,013 Nombre: 1- Sesión 228 del Pleno continuación Proyecto de Ley Orgánica Reformatoria del Código Orgánico de la Función J.pdf
2020-03-11 01:00:33,013 Pdf: pdfs/Año 2013\Junio\Sesión 228 del Pleno (06-06-2013)\1- Sesión 228 del Pleno continuación Proyecto de Ley Orgánica Reformatoria del Código Orgánico de la Función J.pdf
2020-03-11 01:00:33,013 
2020-03-11 01:00:33,013 _______________
2020-03-11 01:00:33,013 
2020-03-11 01:00:34,344 Anio: 2013
2020-03-11 01:00:34,344 Mes: Junio
2020-03-11 01:00:34,344 Sesion: Sesión 228 del Pleno (06-06-2013)
2020-03-11 01:00:34,344 Nombre: 1- Sesión 228 del Pleno continuación Proyecto de Ley Orgánica Reformatoria del Código Orgánico de la.pdf
2020-03-11 01:00:34,344 Pdf: pdfs/Año 2013\Junio\Sesión 228 del Pleno (06-06-2013)\1- Sesión 228 del Pleno continuación Proyecto de Ley Orgánica Reformatoria del Código Orgánico de la.pdf
2020-03-11 01:00:34,344 
2020-03-11 01:00:34,344 _______________
2020-03-11 01:00:34,344 
2020-03-11 01:00:35,789 Anio: 2013
2020-03-11 01:00:35,789 Mes: Junio
2020-03-11 01:00:35,789 Sesion: Sesión 228 del Pleno (06-06-2013)
2020-03-11 01:00:35,789 Nombre: 1- Sesión 228 del Pleno continuación Proyecto de.pdf
2020-03-11 01:00:35,789 Pdf: pdfs/Año 2013\Junio\Sesión 228 del Pleno (06-06-2013)\1- Sesión 228 del Pleno continuación Proyecto de.pdf
2020-03-11 01:00:35,789 
2020-03-11 01:00:35,789 _______________
2020-03-11 01:00:35,789 
2020-03-11 01:00:37,285 Anio: 2013
2020-03-11 01:00:37,285 Mes: Junio
2020-03-11 01:00:37,285 Sesion: Sesión 236 del Pleno (04-06-2013)
2020-03-11 01:00:37,285 Nombre: 1- Sesión 236 del Pleno Aprobación del convenio Internacional del Cacao.pdf
2020-03-11 01:00:37,285 Pdf: pdfs/Año 2013\Junio\Sesión 236 del Pleno (04-06-2013)\1- Sesión 236 del Pleno Aprobación del convenio Internacional del Cacao.pdf
2020-03-11 01:00:37,285 
2020-03-11 01:00:37,285 _______________
2020-03-11 01:00:37,285 
2020-03-11 01:00:38,428 Anio: 2013
2020-03-11 01:00:38,428 Mes: Junio
2020-03-11 01:00:38,428 Sesion: Sesión 236 del Pleno (04-06-2013)
2020-03-11 01:00:38,428 Nombre: 2- Sesión 236 del Pleno Aprobación del Memorando de Entendimiento entre el Gobierno de la República .pdf
2020-03-11 01:00:38,428 Pdf: pdfs/Año 2013\Junio\Sesión 236 del Pleno (04-06-2013)\2- Sesión 236 del Pleno Aprobación del Memorando de Entendimiento entre el Gobierno de la República .pdf
2020-03-11 01:00:38,428 
2020-03-11 01:00:38,428 _______________
2020-03-11 01:00:38,428 
2020-03-11 01:00:41,461 Anio: 2013
2020-03-11 01:00:41,461 Mes: Junio
2020-03-11 01:00:41,461 Sesion: Sesión 236 del Pleno (04-06-2013)
2020-03-11 01:00:41,461 Nombre: 2- Sesión 236 del Pleno Aprobación del Memorando.pdf
2020-03-11 01:00:41,461 Pdf: pdfs/Año 2013\Junio\Sesión 236 del Pleno (04-06-2013)\2- Sesión 236 del Pleno Aprobación del Memorando.pdf
2020-03-11 01:00:41,461 
2020-03-11 01:00:41,461 _______________
2020-03-11 01:00:41,461 
2020-03-11 01:00:44,517 Anio: 2013
2020-03-11 01:00:44,518 Mes: Junio
2020-03-11 01:00:44,518 Sesion: Sesión 237 del Pleno (10-06-2013)
2020-03-11 01:00:44,518 Nombre: 1- Sesión 237 del Pleno Archivar Proyecto de Ley Orgánica Reformatoria a la Ley del Sistema Nacional de Archivos.pdf
2020-03-11 01:00:44,518 Pdf: pdfs/Año 2013\Junio\Sesión 237 del Pleno (10-06-2013)\1- Sesión 237 del Pleno Archivar Proyecto de Ley Orgánica Reformatoria a la Ley del Sistema Nacional de Archivos.pdf
2020-03-11 01:00:44,518 
2020-03-11 01:00:44,518 _______________
2020-03-11 01:00:44,518 
2020-03-11 01:00:46,118 Anio: 2013
2020-03-11 01:00:46,118 Mes: Junio
2020-03-11 01:00:46,119 Sesion: Sesión 237 del Pleno (10-06-2013)
2020-03-11 01:00:46,119 Nombre: 2- Sesión 237 del Pleno Archivar el Proyecto de .pdf
2020-03-11 01:00:46,119 Pdf: pdfs/Año 2013\Junio\Sesión 237 del Pleno (10-06-2013)\2- Sesión 237 del Pleno Archivar el Proyecto de .pdf
2020-03-11 01:00:46,119 
2020-03-11 01:00:46,119 _______________
2020-03-11 01:00:46,119 
2020-03-11 01:00:49,178 Anio: 2013
2020-03-11 01:00:49,178 Mes: Junio
2020-03-11 01:00:49,178 Sesion: Sesión 237 del Pleno (10-06-2013)
2020-03-11 01:00:49,178 Nombre: 2- Sesión 237 del Pleno Archivar el Proyecto de Ley Reformatoria al Código Orgánico de la Función Ju.pdf
2020-03-11 01:00:49,178 Pdf: pdfs/Año 2013\Junio\Sesión 237 del Pleno (10-06-2013)\2- Sesión 237 del Pleno Archivar el Proyecto de Ley Reformatoria al Código Orgánico de la Función Ju.pdf
2020-03-11 01:00:49,178 
2020-03-11 01:00:49,178 _______________
2020-03-11 01:00:49,178 
2020-03-11 01:00:52,040 Anio: 2013
2020-03-11 01:00:52,040 Mes: Junio
2020-03-11 01:00:52,040 Sesion: Sesión 237 del Pleno (10-06-2013)
2020-03-11 01:00:52,040 Nombre: 2- Sesión 237 del Pleno Archivar el Proyecto de Ley Reformatoria al Código Orgánico de la Función Judicial que.pdf
2020-03-11 01:00:52,040 Pdf: pdfs/Año 2013\Junio\Sesión 237 del Pleno (10-06-2013)\2- Sesión 237 del Pleno Archivar el Proyecto de Ley Reformatoria al Código Orgánico de la Función Judicial que.pdf
2020-03-11 01:00:52,040 
2020-03-11 01:00:52,040 _______________
2020-03-11 01:00:52,040 
2020-03-11 01:00:54,947 Anio: 2013
2020-03-11 01:00:54,947 Mes: Junio
2020-03-11 01:00:54,947 Sesion: Sesión 237 del Pleno (10-06-2013)
2020-03-11 01:00:54,947 Nombre: 3- Sesión 237 del Pleno Proyecto de Resolución d.pdf
2020-03-11 01:00:54,947 Pdf: pdfs/Año 2013\Junio\Sesión 237 del Pleno (10-06-2013)\3- Sesión 237 del Pleno Proyecto de Resolución d.pdf
2020-03-11 01:00:54,947 
2020-03-11 01:00:54,947 _______________
2020-03-11 01:00:54,947 
2020-03-11 01:00:56,518 Anio: 2013
2020-03-11 01:00:56,518 Mes: Junio
2020-03-11 01:00:56,518 Sesion: Sesión 237 del Pleno (10-06-2013)
2020-03-11 01:00:56,518 Nombre: 3- Sesión 237 del Pleno Proyecto de Resolución de apoyo al mantenimiento del orden democrático en la República.pdf
2020-03-11 01:00:56,518 Pdf: pdfs/Año 2013\Junio\Sesión 237 del Pleno (10-06-2013)\3- Sesión 237 del Pleno Proyecto de Resolución de apoyo al mantenimiento del orden democrático en la República.pdf
2020-03-11 01:00:56,518 
2020-03-11 01:00:56,518 _______________
2020-03-11 01:00:56,518 
2020-03-11 01:00:58,035 Anio: 2013
2020-03-11 01:00:58,035 Mes: Junio
2020-03-11 01:00:58,035 Sesion: Sesión 237 del Pleno (10-06-2013)
2020-03-11 01:00:58,036 Nombre: 3- Sesión 237 del Pleno Proyecto de Resolución de apoyo al mantenimiento del orden democrático en la.pdf
2020-03-11 01:00:58,036 Pdf: pdfs/Año 2013\Junio\Sesión 237 del Pleno (10-06-2013)\3- Sesión 237 del Pleno Proyecto de Resolución de apoyo al mantenimiento del orden democrático en la.pdf
2020-03-11 01:00:58,036 
2020-03-11 01:00:58,036 _______________
2020-03-11 01:00:58,036 
2020-03-11 01:00:59,477 Anio: 2013
2020-03-11 01:00:59,477 Mes: Junio
2020-03-11 01:00:59,477 Sesion: Sesión 237 del Pleno (10-06-2013)
2020-03-11 01:00:59,477 Nombre: 4- Sesión 237 del Pleno Proyecto de Ley Orgánica Reformatoria a la Ley de Minería a la Ley Reformato.pdf
2020-03-11 01:00:59,477 Pdf: pdfs/Año 2013\Junio\Sesión 237 del Pleno (10-06-2013)\4- Sesión 237 del Pleno Proyecto de Ley Orgánica Reformatoria a la Ley de Minería a la Ley Reformato.pdf
2020-03-11 01:00:59,477 
2020-03-11 01:00:59,477 _______________
2020-03-11 01:00:59,477 
2020-03-11 01:01:02,535 Anio: 2013
2020-03-11 01:01:02,535 Mes: Junio
2020-03-11 01:01:02,535 Sesion: Sesión 237 del Pleno (10-06-2013)
2020-03-11 01:01:02,535 Nombre: 4- Sesión 237 del Pleno Proyecto de Ley Orgánica Reformatoria a la Ley de Minería a la Ley Reformatoria para l.pdf
2020-03-11 01:01:02,535 Pdf: pdfs/Año 2013\Junio\Sesión 237 del Pleno (10-06-2013)\4- Sesión 237 del Pleno Proyecto de Ley Orgánica Reformatoria a la Ley de Minería a la Ley Reformatoria para l.pdf
2020-03-11 01:01:02,535 
2020-03-11 01:01:02,535 _______________
2020-03-11 01:01:02,535 
2020-03-11 01:01:05,593 Anio: 2013
2020-03-11 01:01:05,593 Mes: Junio
2020-03-11 01:01:05,593 Sesion: Sesión 237 del Pleno (10-06-2013)
2020-03-11 01:01:05,593 Nombre: 4- Sesión 237 del Pleno Proyecto de Ley Orgánica.pdf
2020-03-11 01:01:05,593 Pdf: pdfs/Año 2013\Junio\Sesión 237 del Pleno (10-06-2013)\4- Sesión 237 del Pleno Proyecto de Ley Orgánica.pdf
2020-03-11 01:01:05,593 
2020-03-11 01:01:05,594 _______________
2020-03-11 01:01:05,594 
2020-03-11 01:01:08,669 Anio: 2013
2020-03-11 01:01:08,669 Mes: Junio
2020-03-11 01:01:08,669 Sesion: Sesión 237 del Pleno (10-06-2013)
2020-03-11 01:01:08,669 Nombre: 5- Sesión 237 del Pleno Reconsideración de la vo.pdf
2020-03-11 01:01:08,669 Pdf: pdfs/Año 2013\Junio\Sesión 237 del Pleno (10-06-2013)\5- Sesión 237 del Pleno Reconsideración de la vo.pdf
2020-03-11 01:01:08,669 
2020-03-11 01:01:08,669 _______________
2020-03-11 01:01:08,669 
2020-03-11 01:01:11,668 Anio: 2013
2020-03-11 01:01:11,668 Mes: Junio
2020-03-11 01:01:11,669 Sesion: Sesión 237 del Pleno (10-06-2013)
2020-03-11 01:01:11,669 Nombre: 5- Sesión 237 del Pleno Reconsideración de la votación respecto al Proyecto de Ley Orgánica Reformat.pdf
2020-03-11 01:01:11,669 Pdf: pdfs/Año 2013\Junio\Sesión 237 del Pleno (10-06-2013)\5- Sesión 237 del Pleno Reconsideración de la votación respecto al Proyecto de Ley Orgánica Reformat.pdf
2020-03-11 01:01:11,669 
2020-03-11 01:01:11,669 _______________
2020-03-11 01:01:11,669 
2020-03-11 01:01:14,738 Anio: 2013
2020-03-11 01:01:14,738 Mes: Junio
2020-03-11 01:01:14,738 Sesion: Sesión 237 del Pleno (10-06-2013)
2020-03-11 01:01:14,738 Nombre: 5- Sesión 237 del Pleno Reconsideración de la votación respecto al Proyecto de Ley Orgánica Reformatoria a la .pdf
2020-03-11 01:01:14,738 Pdf: pdfs/Año 2013\Junio\Sesión 237 del Pleno (10-06-2013)\5- Sesión 237 del Pleno Reconsideración de la votación respecto al Proyecto de Ley Orgánica Reformatoria a la .pdf
2020-03-11 01:01:14,738 
2020-03-11 01:01:14,738 _______________
2020-03-11 01:01:14,738 
2020-03-11 01:01:17,857 Anio: 2013
2020-03-11 01:01:17,858 Mes: Junio
2020-03-11 01:01:17,858 Sesion: Sesión 238 del Pleno (20-06-2013)
2020-03-11 01:01:17,858 Nombre: 1- Sesión 238 del Pleno Archivar el Proyecto de .pdf
2020-03-11 01:01:17,858 Pdf: pdfs/Año 2013\Junio\Sesión 238 del Pleno (20-06-2013)\1- Sesión 238 del Pleno Archivar el Proyecto de .pdf
2020-03-11 01:01:17,858 
2020-03-11 01:01:17,858 _______________
2020-03-11 01:01:17,858 
2020-03-11 01:01:19,345 Anio: 2013
2020-03-11 01:01:19,345 Mes: Junio
2020-03-11 01:01:19,345 Sesion: Sesión 238 del Pleno (20-06-2013)
2020-03-11 01:01:19,345 Nombre: 1- Sesión 238 del Pleno Archivar el Proyecto de Ley Reformatoria a la Ley Orgánica de Transporte Ter.pdf
2020-03-11 01:01:19,345 Pdf: pdfs/Año 2013\Junio\Sesión 238 del Pleno (20-06-2013)\1- Sesión 238 del Pleno Archivar el Proyecto de Ley Reformatoria a la Ley Orgánica de Transporte Ter.pdf
2020-03-11 01:01:19,345 
2020-03-11 01:01:19,345 _______________
2020-03-11 01:01:19,345 
2020-03-11 01:01:20,780 Anio: 2013
2020-03-11 01:01:20,780 Mes: Junio
2020-03-11 01:01:20,780 Sesion: Sesión 238 del Pleno (20-06-2013)
2020-03-11 01:01:20,781 Nombre: 1- Sesión 238 del Pleno Archivar el Proyecto de Ley Reformatoria a la Ley Orgánica de Transporte Terrestre, Tr.pdf
2020-03-11 01:01:20,781 Pdf: pdfs/Año 2013\Junio\Sesión 238 del Pleno (20-06-2013)\1- Sesión 238 del Pleno Archivar el Proyecto de Ley Reformatoria a la Ley Orgánica de Transporte Terrestre, Tr.pdf
2020-03-11 01:01:20,781 
2020-03-11 01:01:20,781 _______________
2020-03-11 01:01:20,781 
2020-03-11 01:01:22,271 Anio: 2013
2020-03-11 01:01:22,271 Mes: Junio
2020-03-11 01:01:22,271 Sesion: Sesión 238 del Pleno (20-06-2013)
2020-03-11 01:01:22,271 Nombre: 2- Sesión 238 del Pleno Archivar Proyecto de Ley Orgánica de Biodiversidad.pdf
2020-03-11 01:01:22,271 Pdf: pdfs/Año 2013\Junio\Sesión 238 del Pleno (20-06-2013)\2- Sesión 238 del Pleno Archivar Proyecto de Ley Orgánica de Biodiversidad.pdf
2020-03-11 01:01:22,271 
2020-03-11 01:01:22,271 _______________
2020-03-11 01:01:22,271 
2020-03-11 01:01:23,404 Anio: 2013
2020-03-11 01:01:23,404 Mes: Junio
2020-03-11 01:01:23,404 Sesion: Sesión 238 del Pleno (20-06-2013)
2020-03-11 01:01:23,404 Nombre: 3- Sesión 238 del Pleno Reconsideración de la votación respecto Archivar Proyecto de Ley Orgánica de Biodiversidad.pdf
2020-03-11 01:01:23,404 Pdf: pdfs/Año 2013\Junio\Sesión 238 del Pleno (20-06-2013)\3- Sesión 238 del Pleno Reconsideración de la votación respecto Archivar Proyecto de Ley Orgánica de Biodiversidad.pdf
2020-03-11 01:01:23,404 
2020-03-11 01:01:23,404 _______________
2020-03-11 01:01:23,404 
2020-03-11 01:01:24,904 Anio: 2013
2020-03-11 01:01:24,904 Mes: Mayo
2020-03-11 01:01:24,904 Sesion: Sesión 00 del Pleno instalación (14-05-2013)
2020-03-11 01:01:24,904 Nombre: 1- Sesión instalación Elección de la Presidenta o Presidente de la Asamblea Nacional Gabriela Rivadeneira.pdf
2020-03-11 01:01:24,904 Pdf: pdfs/Año 2013\Mayo\Sesión 00 del Pleno instalación (14-05-2013)\1- Sesión instalación Elección de la Presidenta o Presidente de la Asamblea Nacional Gabriela Rivadeneira.pdf
2020-03-11 01:01:24,904 
2020-03-11 01:01:24,904 _______________
2020-03-11 01:01:24,904 
2020-03-11 01:01:26,605 Anio: 2013
2020-03-11 01:01:26,605 Mes: Mayo
2020-03-11 01:01:26,605 Sesion: Sesión 00 del Pleno instalación (14-05-2013)
2020-03-11 01:01:26,605 Nombre: 2- Sesión instalación Elección de Primer vicepresidenta o vicepresidente de la Asamblea Nacional Rosana Alvarado.pdf
2020-03-11 01:01:26,605 Pdf: pdfs/Año 2013\Mayo\Sesión 00 del Pleno instalación (14-05-2013)\2- Sesión instalación Elección de Primer vicepresidenta o vicepresidente de la Asamblea Nacional Rosana Alvarado.pdf
2020-03-11 01:01:26,605 
2020-03-11 01:01:26,605 _______________
2020-03-11 01:01:26,605 
2020-03-11 01:01:29,368 Anio: 2013
2020-03-11 01:01:29,368 Mes: Mayo
2020-03-11 01:01:29,368 Sesion: Sesión 00 del Pleno instalación (14-05-2013)
2020-03-11 01:01:29,368 Nombre: 3- Sesión instalación de Segunda vicepresidenta o vicepresidente de la Asamblea Nacional Marcela Aguiñaga.pdf
2020-03-11 01:01:29,368 Pdf: pdfs/Año 2013\Mayo\Sesión 00 del Pleno instalación (14-05-2013)\3- Sesión instalación de Segunda vicepresidenta o vicepresidente de la Asamblea Nacional Marcela Aguiñaga.pdf
2020-03-11 01:01:29,368 
2020-03-11 01:01:29,368 _______________
2020-03-11 01:01:29,368 
2020-03-11 01:01:32,184 Anio: 2013
2020-03-11 01:01:32,184 Mes: Mayo
2020-03-11 01:01:32,184 Sesion: Sesión 00 del Pleno instalación (14-05-2013)
2020-03-11 01:01:32,184 Nombre: 4- Sesión instalación de Primer vocal del CAL Virgilio Hernández.pdf
2020-03-11 01:01:32,185 Pdf: pdfs/Año 2013\Mayo\Sesión 00 del Pleno instalación (14-05-2013)\4- Sesión instalación de Primer vocal del CAL Virgilio Hernández.pdf
2020-03-11 01:01:32,185 
2020-03-11 01:01:32,185 _______________
2020-03-11 01:01:32,185 
2020-03-11 01:01:33,582 Anio: 2013
2020-03-11 01:01:33,583 Mes: Mayo
2020-03-11 01:01:33,583 Sesion: Sesión 00 del Pleno instalación (14-05-2013)
2020-03-11 01:01:33,583 Nombre: 5- Sesión instalación de Segunda vocal del CAL  Asambleísta Rocío Valarezo.pdf
2020-03-11 01:01:33,583 Pdf: pdfs/Año 2013\Mayo\Sesión 00 del Pleno instalación (14-05-2013)\5- Sesión instalación de Segunda vocal del CAL  Asambleísta Rocío Valarezo.pdf
2020-03-11 01:01:33,583 
2020-03-11 01:01:33,583 _______________
2020-03-11 01:01:33,583 
2020-03-11 01:01:34,901 Anio: 2013
2020-03-11 01:01:34,901 Mes: Mayo
2020-03-11 01:01:34,901 Sesion: Sesión 00 del Pleno instalación (14-05-2013)
2020-03-11 01:01:34,901 Nombre: 6- Sesión instalación Elección de la Secretaria .pdf
2020-03-11 01:01:34,901 Pdf: pdfs/Año 2013\Mayo\Sesión 00 del Pleno instalación (14-05-2013)\6- Sesión instalación Elección de la Secretaria .pdf
2020-03-11 01:01:34,901 
2020-03-11 01:01:34,901 _______________
2020-03-11 01:01:34,901 
2020-03-11 01:01:37,735 Anio: 2013
2020-03-11 01:01:37,735 Mes: Mayo
2020-03-11 01:01:37,735 Sesion: Sesión 00 del Pleno instalación (14-05-2013)
2020-03-11 01:01:37,735 Nombre: 6- Sesión instalación Elección de la Secretaria y Prosecretario de la Asamblea Nacional Libia Rivas .pdf
2020-03-11 01:01:37,735 Pdf: pdfs/Año 2013\Mayo\Sesión 00 del Pleno instalación (14-05-2013)\6- Sesión instalación Elección de la Secretaria y Prosecretario de la Asamblea Nacional Libia Rivas .pdf
2020-03-11 01:01:37,735 
2020-03-11 01:01:37,735 _______________
2020-03-11 01:01:37,735 
2020-03-11 01:01:40,644 Anio: 2013
2020-03-11 01:01:40,644 Mes: Mayo
2020-03-11 01:01:40,645 Sesion: Sesión 00 del Pleno instalación (14-05-2013)
2020-03-11 01:01:40,645 Nombre: 6- Sesión instalación Elección de la Secretaria y Prosecretario de la Asamblea Nacional Libia Rivas y Cristhia.pdf
2020-03-11 01:01:40,645 Pdf: pdfs/Año 2013\Mayo\Sesión 00 del Pleno instalación (14-05-2013)\6- Sesión instalación Elección de la Secretaria y Prosecretario de la Asamblea Nacional Libia Rivas y Cristhia.pdf
2020-03-11 01:01:40,645 
2020-03-11 01:01:40,645 _______________
2020-03-11 01:01:40,645 
2020-03-11 01:01:43,506 Anio: 2013
2020-03-11 01:01:43,507 Mes: Mayo
2020-03-11 01:01:43,507 Sesion: Sesión 199 del Pleno continuación (31-05-2013)
2020-03-11 01:01:43,507 Nombre: 1- Sesión 199 del Pleno continuación Proyecto de Ley Reformatoria a la Ley de Creación del cantón La Concordia.pdf
2020-03-11 01:01:43,507 Pdf: pdfs/Año 2013\Mayo\Sesión 199 del Pleno continuación (31-05-2013)\1- Sesión 199 del Pleno continuación Proyecto de Ley Reformatoria a la Ley de Creación del cantón La Concordia.pdf
2020-03-11 01:01:43,507 
2020-03-11 01:01:43,507 _______________
2020-03-11 01:01:43,507 
2020-03-11 01:01:46,555 Anio: 2013
2020-03-11 01:01:46,555 Mes: Mayo
2020-03-11 01:01:46,555 Sesion: Sesión 199 del Pleno continuación (31-05-2013)
2020-03-11 01:01:46,555 Nombre: 1- Sesión 199 del Pleno continuación Proyecto de Ley Reformatoria a la Ley de Creación del cantón La.pdf
2020-03-11 01:01:46,555 Pdf: pdfs/Año 2013\Mayo\Sesión 199 del Pleno continuación (31-05-2013)\1- Sesión 199 del Pleno continuación Proyecto de Ley Reformatoria a la Ley de Creación del cantón La.pdf
2020-03-11 01:01:46,555 
2020-03-11 01:01:46,555 _______________
2020-03-11 01:01:46,555 
2020-03-11 01:01:49,607 Anio: 2013
2020-03-11 01:01:49,607 Mes: Mayo
2020-03-11 01:01:49,607 Sesion: Sesión 199 del Pleno continuación (31-05-2013)
2020-03-11 01:01:49,607 Nombre: 1- Sesión 199 del Pleno continuación Proyecto de.pdf
2020-03-11 01:01:49,607 Pdf: pdfs/Año 2013\Mayo\Sesión 199 del Pleno continuación (31-05-2013)\1- Sesión 199 del Pleno continuación Proyecto de.pdf
2020-03-11 01:01:49,607 
2020-03-11 01:01:49,607 _______________
2020-03-11 01:01:49,607 
2020-03-11 01:01:52,595 Anio: 2013
2020-03-11 01:01:52,595 Mes: Mayo
2020-03-11 01:01:52,595 Sesion: Sesión 199 del Pleno continuación (31-05-2013)
2020-03-11 01:01:52,595 Nombre: 2- Sesión 199 del Pleno continuación Reconsidera.pdf
2020-03-11 01:01:52,595 Pdf: pdfs/Año 2013\Mayo\Sesión 199 del Pleno continuación (31-05-2013)\2- Sesión 199 del Pleno continuación Reconsidera.pdf
2020-03-11 01:01:52,595 
2020-03-11 01:01:52,595 _______________
2020-03-11 01:01:52,595 
2020-03-11 01:01:55,532 Anio: 2013
2020-03-11 01:01:55,533 Mes: Mayo
2020-03-11 01:01:55,533 Sesion: Sesión 199 del Pleno continuación (31-05-2013)
2020-03-11 01:01:55,533 Nombre: 2- Sesión 199 del Pleno continuación Reconsideración a la votación del Proyecto de Ley Reformatoria .pdf
2020-03-11 01:01:55,533 Pdf: pdfs/Año 2013\Mayo\Sesión 199 del Pleno continuación (31-05-2013)\2- Sesión 199 del Pleno continuación Reconsideración a la votación del Proyecto de Ley Reformatoria .pdf
2020-03-11 01:01:55,533 
2020-03-11 01:01:55,533 _______________
2020-03-11 01:01:55,533 
2020-03-11 01:01:58,590 Anio: 2013
2020-03-11 01:01:58,590 Mes: Mayo
2020-03-11 01:01:58,590 Sesion: Sesión 199 del Pleno continuación (31-05-2013)
2020-03-11 01:01:58,590 Nombre: 2- Sesión 199 del Pleno continuación Reconsideración a la votación del Proyecto de Ley Reformatoria a la Ley d.pdf
2020-03-11 01:01:58,590 Pdf: pdfs/Año 2013\Mayo\Sesión 199 del Pleno continuación (31-05-2013)\2- Sesión 199 del Pleno continuación Reconsideración a la votación del Proyecto de Ley Reformatoria a la Ley d.pdf
2020-03-11 01:01:58,590 
2020-03-11 01:01:58,590 _______________
2020-03-11 01:01:58,590 
2020-03-11 01:02:01,717 Anio: 2013
2020-03-11 01:02:01,717 Mes: Mayo
2020-03-11 01:02:01,717 Sesion: Sesión 232 del Pleno (17-05-2013)
2020-03-11 01:02:01,717 Nombre: 1- Sesión 232 del Pleno Conformar las Comisiones especializadas.pdf
2020-03-11 01:02:01,717 Pdf: pdfs/Año 2013\Mayo\Sesión 232 del Pleno (17-05-2013)\1- Sesión 232 del Pleno Conformar las Comisiones especializadas.pdf
2020-03-11 01:02:01,717 
2020-03-11 01:02:01,717 _______________
2020-03-11 01:02:01,717 
2020-03-11 01:02:02,991 Anio: 2013
2020-03-11 01:02:02,991 Mes: Mayo
2020-03-11 01:02:02,991 Sesion: Sesión 232 del Pleno (17-05-2013)
2020-03-11 01:02:02,991 Nombre: 2- Sesión 232 del Pleno Reconsideración.pdf
2020-03-11 01:02:02,991 Pdf: pdfs/Año 2013\Mayo\Sesión 232 del Pleno (17-05-2013)\2- Sesión 232 del Pleno Reconsideración.pdf
2020-03-11 01:02:02,991 
2020-03-11 01:02:02,991 _______________
2020-03-11 01:02:02,991 
2020-03-11 01:02:04,671 Anio: 2013
2020-03-11 01:02:04,671 Mes: Mayo
2020-03-11 01:02:04,671 Sesion: Sesión 234 del Pleno (22-05-2013)
2020-03-11 01:02:04,672 Nombre: 1- Sesión 234 del Pleno Tercer vocal del Cal de la Asamblea Nacional.pdf
2020-03-11 01:02:04,672 Pdf: pdfs/Año 2013\Mayo\Sesión 234 del Pleno (22-05-2013)\1- Sesión 234 del Pleno Tercer vocal del Cal de la Asamblea Nacional.pdf
2020-03-11 01:02:04,672 
2020-03-11 01:02:04,672 _______________
2020-03-11 01:02:04,672 
2020-03-11 01:02:06,383 Anio: 2013
2020-03-11 01:02:06,383 Mes: Mayo
2020-03-11 01:02:06,383 Sesion: Sesión 234 del Pleno (22-05-2013)
2020-03-11 01:02:06,383 Nombre: 2- Sesión 234 del Pleno Cuarto vocal del Cal de la Asamblea Nacional.pdf
2020-03-11 01:02:06,383 Pdf: pdfs/Año 2013\Mayo\Sesión 234 del Pleno (22-05-2013)\2- Sesión 234 del Pleno Cuarto vocal del Cal de la Asamblea Nacional.pdf
2020-03-11 01:02:06,383 
2020-03-11 01:02:06,383 _______________
2020-03-11 01:02:06,383 
2020-03-11 01:02:07,526 Anio: 2013
2020-03-11 01:02:07,526 Mes: Mayo
2020-03-11 01:02:07,526 Sesion: Sesión 235 del Pleno (31-05-2013)
2020-03-11 01:02:07,526 Nombre: 1- Sesión 235 del Pleno Archivar el Proyecto de .pdf
2020-03-11 01:02:07,526 Pdf: pdfs/Año 2013\Mayo\Sesión 235 del Pleno (31-05-2013)\1- Sesión 235 del Pleno Archivar el Proyecto de .pdf
2020-03-11 01:02:07,526 
2020-03-11 01:02:07,526 _______________
2020-03-11 01:02:07,526 
2020-03-11 01:02:10,680 Anio: 2013
2020-03-11 01:02:10,680 Mes: Mayo
2020-03-11 01:02:10,680 Sesion: Sesión 235 del Pleno (31-05-2013)
2020-03-11 01:02:10,680 Nombre: 1- Sesión 235 del Pleno Archivar el Proyecto de Ley Orgánica Reformatoria a la Ley de Minería y la R.pdf
2020-03-11 01:02:10,680 Pdf: pdfs/Año 2013\Mayo\Sesión 235 del Pleno (31-05-2013)\1- Sesión 235 del Pleno Archivar el Proyecto de Ley Orgánica Reformatoria a la Ley de Minería y la R.pdf
2020-03-11 01:02:10,680 
2020-03-11 01:02:10,680 _______________
2020-03-11 01:02:10,680 
2020-03-11 01:02:13,736 Anio: 2013
2020-03-11 01:02:13,736 Mes: Mayo
2020-03-11 01:02:13,736 Sesion: Sesión 235 del Pleno (31-05-2013)
2020-03-11 01:02:13,736 Nombre: 1- Sesión 235 del Pleno Archivar el Proyecto de Ley Orgánica Reformatoria a la Ley de Minería y la Reformatori.pdf
2020-03-11 01:02:13,736 Pdf: pdfs/Año 2013\Mayo\Sesión 235 del Pleno (31-05-2013)\1- Sesión 235 del Pleno Archivar el Proyecto de Ley Orgánica Reformatoria a la Ley de Minería y la Reformatori.pdf
2020-03-11 01:02:13,736 
2020-03-11 01:02:13,736 _______________
2020-03-11 01:02:13,736 
2020-03-11 01:02:16,911 Anio: 2013
2020-03-11 01:02:16,911 Mes: Noviembre
2020-03-11 01:02:16,911 Sesion: Sesión 230 del Pleno continuación (19-11-2013)
2020-03-11 01:02:16,911 Nombre: 1- Sesión 230 del Pleno continuaciónAprobación d.pdf
2020-03-11 01:02:16,911 Pdf: pdfs/Año 2013\Noviembre\Sesión 230 del Pleno continuación (19-11-2013)\1- Sesión 230 del Pleno continuaciónAprobación d.pdf
2020-03-11 01:02:16,911 
2020-03-11 01:02:16,911 _______________
2020-03-11 01:02:16,912 
2020-03-11 01:02:20,009 Anio: 2013
2020-03-11 01:02:20,010 Mes: Noviembre
2020-03-11 01:02:20,010 Sesion: Sesión 230 del Pleno continuación (19-11-2013)
2020-03-11 01:02:20,010 Nombre: 1- Sesión 230 del Pleno continuaciónAprobación del Proyecto de Ley Orgánica Reformatoria al Código O.pdf
2020-03-11 01:02:20,010 Pdf: pdfs/Año 2013\Noviembre\Sesión 230 del Pleno continuación (19-11-2013)\1- Sesión 230 del Pleno continuaciónAprobación del Proyecto de Ley Orgánica Reformatoria al Código O.pdf
2020-03-11 01:02:20,010 
2020-03-11 01:02:20,010 _______________
2020-03-11 01:02:20,010 
2020-03-11 01:02:22,989 Anio: 2013
2020-03-11 01:02:22,989 Mes: Noviembre
2020-03-11 01:02:22,989 Sesion: Sesión 230 del Pleno continuación (19-11-2013)
2020-03-11 01:02:22,989 Nombre: 1- Sesión 230 del Pleno continuaciónAprobación del Proyecto de Ley Orgánica Reformatoria al Código Orgánico de.pdf
2020-03-11 01:02:22,989 Pdf: pdfs/Año 2013\Noviembre\Sesión 230 del Pleno continuación (19-11-2013)\1- Sesión 230 del Pleno continuaciónAprobación del Proyecto de Ley Orgánica Reformatoria al Código Orgánico de.pdf
2020-03-11 01:02:22,989 
2020-03-11 01:02:22,989 _______________
2020-03-11 01:02:22,989 
2020-03-11 01:02:25,964 Anio: 2013
2020-03-11 01:02:25,965 Mes: Noviembre
2020-03-11 01:02:25,965 Sesion: Sesión 251 del Pleno continuación (19-11-2013)
2020-03-11 01:02:25,965 Nombre: 1- Sesión 251 del Pleno Proyecto de Resolución d.pdf
2020-03-11 01:02:25,965 Pdf: pdfs/Año 2013\Noviembre\Sesión 251 del Pleno continuación (19-11-2013)\1- Sesión 251 del Pleno Proyecto de Resolución d.pdf
2020-03-11 01:02:25,965 
2020-03-11 01:02:25,965 _______________
2020-03-11 01:02:25,965 
2020-03-11 01:02:29,109 Anio: 2013
2020-03-11 01:02:29,109 Mes: Noviembre
2020-03-11 01:02:29,109 Sesion: Sesión 251 del Pleno continuación (19-11-2013)
2020-03-11 01:02:29,109 Nombre: 1- Sesión 251 del Pleno Proyecto de Resolución de rechazo ante cualquier intervención extranjera que se preten.pdf
2020-03-11 01:02:29,109 Pdf: pdfs/Año 2013\Noviembre\Sesión 251 del Pleno continuación (19-11-2013)\1- Sesión 251 del Pleno Proyecto de Resolución de rechazo ante cualquier intervención extranjera que se preten.pdf
2020-03-11 01:02:29,110 
2020-03-11 01:02:29,110 _______________
2020-03-11 01:02:29,110 
2020-03-11 01:02:29,140 Error con el pdf: 1- Sesión 251 del Pleno Proyecto de Resolución de rechazo ante cualquier intervención extranjera que se preten.pdf
